[ERROR] 2024-09-15 13:26:46,853 [repositories/forgont_endpoint | c.o.g.s.GraphQueryResultView] Query evaluation error
org.eclipse.rdf4j.query.QueryEvaluationException: Unknown function 'http://www.w3.org/2001/XMLSchema#gYear'
	at com.ontotext.trree.query.OwlimEvaluationStrategyImpl.lambda$evaluateFunctionCall$20(OwlimEvaluationStrategyImpl.java:1345)
	at java.base/java.util.Optional.orElseThrow(Optional.java:408)
	at com.ontotext.trree.query.OwlimEvaluationStrategyImpl.evaluateFunctionCall(OwlimEvaluationStrategyImpl.java:1345)
	at com.ontotext.trree.query.OwlimEvaluationStrategyImpl.lambda$prepare$18(OwlimEvaluationStrategyImpl.java:1325)
	at org.eclipse.rdf4j.query.algebra.evaluation.impl.DefaultEvaluationStrategy.evaluate(DefaultEvaluationStrategy.java:1116)
	at com.ontotext.trree.query.OwlimEvaluationStrategyImpl.evaluate(OwlimEvaluationStrategyImpl.java:1581)
	at com.ontotext.trree.query.BindTriplePattern$2.hasNext(BindTriplePattern.java:227)
	at com.ontotext.trree.query.SubQuery.bindVars(SubQuery.java:1705)
	at com.ontotext.trree.query.SubQuery$5.find(SubQuery.java:1656)
	at com.ontotext.trree.query.SubQuery$5.find(SubQuery.java:1657)
	at com.ontotext.trree.query.SubQuery$5.find(SubQuery.java:1657)
	at com.ontotext.trree.query.SubQuery$5.initializeAsNeeded(SubQuery.java:1490)
	at com.ontotext.trree.query.SubQuery$5.hasNext(SubQuery.java:1481)
	at com.ontotext.trree.query.MainQuery$1.hasNext(MainQuery.java:151)
	at com.ontotext.trree.query.QueryModelConverter$2.hasNext(QueryModelConverter.java:449)
	at com.ontotext.trree.sdk.impl.PluginManager$3.hasNext(PluginManager.java:709)
	at org.eclipse.rdf4j.common.iteration.ConvertingIteration.hasNext(ConvertingIteration.java:66)
	at com.ontotext.trree.query.evaluation.GraphDBMultiProjectionIterator.getNextElement(GraphDBMultiProjectionIterator.java:69)
	at com.ontotext.trree.query.evaluation.GraphDBMultiProjectionIterator.getNextElement(GraphDBMultiProjectionIterator.java:20)
	at org.eclipse.rdf4j.common.iteration.LookAheadIteration.lookAhead(LookAheadIteration.java:80)
	at org.eclipse.rdf4j.common.iteration.LookAheadIteration.hasNext(LookAheadIteration.java:54)
	at org.eclipse.rdf4j.common.iteration.IterationWrapper.hasNext(IterationWrapper.java:67)
	at org.eclipse.rdf4j.common.iteration.FilterIteration.findNextElement(FilterIteration.java:78)
	at org.eclipse.rdf4j.common.iteration.FilterIteration.hasNext(FilterIteration.java:49)
	at org.eclipse.rdf4j.common.iteration.IterationWrapper.hasNext(IterationWrapper.java:67)
	at org.eclipse.rdf4j.common.iteration.FilterIteration.findNextElement(FilterIteration.java:78)
	at org.eclipse.rdf4j.common.iteration.FilterIteration.hasNext(FilterIteration.java:49)
	at org.eclipse.rdf4j.common.iteration.IterationWrapper.hasNext(IterationWrapper.java:67)
	at com.ontotext.trree.SailIterationWrapper.hasNext(SailIterationWrapper.java:60)
	at org.eclipse.rdf4j.common.iteration.IterationWrapper.hasNext(IterationWrapper.java:67)
	at com.ontotext.trree.SailConnectionImpl$ConnectionClosingIteration.hasNext(SailConnectionImpl.java:3245)
	at com.ontotext.trree.query.LoggingClosableIteration.hasNext(LoggingClosableIteration.java:93)
	at org.eclipse.rdf4j.common.iteration.IterationWrapper.hasNext(IterationWrapper.java:67)
	at org.eclipse.rdf4j.common.iteration.FilterIteration.findNextElement(FilterIteration.java:78)
	at org.eclipse.rdf4j.common.iteration.FilterIteration.hasNext(FilterIteration.java:49)
	at org.eclipse.rdf4j.common.iteration.ConvertingIteration.hasNext(ConvertingIteration.java:66)
	at org.eclipse.rdf4j.common.iteration.IterationWrapper.hasNext(IterationWrapper.java:67)
	at org.eclipse.rdf4j.common.iteration.IterationWrapper.hasNext(IterationWrapper.java:67)
	at org.eclipse.rdf4j.common.iteration.LimitIteration.hasNext(LimitIteration.java:71)
	at org.eclipse.rdf4j.common.iteration.IterationWrapper.hasNext(IterationWrapper.java:67)
	at org.eclipse.rdf4j.query.QueryResults.report(QueryResults.java:330)
	at com.ontotext.graphdb.sesame.GraphQueryResultView.renderInternal(GraphQueryResultView.java:69)
	at org.eclipse.rdf4j.http.server.repository.QueryResultView.render(QueryResultView.java:66)
	at org.springframework.web.servlet.DispatcherServlet.render(DispatcherServlet.java:1406)
	at org.springframework.web.servlet.DispatcherServlet.processDispatchResult(DispatcherServlet.java:1150)
	at org.springframework.web.servlet.DispatcherServlet.doDispatch(DispatcherServlet.java:1089)
	at org.springframework.web.servlet.DispatcherServlet.doService(DispatcherServlet.java:965)
	at org.springframework.web.servlet.FrameworkServlet.processRequest(FrameworkServlet.java:1006)
	at org.springframework.web.servlet.FrameworkServlet.doPost(FrameworkServlet.java:909)
	at javax.servlet.http.HttpServlet.service(HttpServlet.java:555)
	at org.springframework.web.servlet.FrameworkServlet.service(FrameworkServlet.java:883)
	at javax.servlet.http.HttpServlet.service(HttpServlet.java:623)
	at org.apache.catalina.core.ApplicationFilterChain.internalDoFilter(ApplicationFilterChain.java:209)
	at org.apache.catalina.core.ApplicationFilterChain.doFilter(ApplicationFilterChain.java:153)
	at com.ontotext.forest.security.AdminDelegatingFilterProxy.doFilter(AdminDelegatingFilterProxy.java:82)
	at org.springframework.web.filter.DelegatingFilterProxy.invokeDelegate(DelegatingFilterProxy.java:354)
	at org.springframework.web.filter.DelegatingFilterProxy.doFilter(DelegatingFilterProxy.java:267)
	at org.apache.catalina.core.ApplicationFilterChain.internalDoFilter(ApplicationFilterChain.java:178)
	at org.apache.catalina.core.ApplicationFilterChain.doFilter(ApplicationFilterChain.java:153)
	at com.ontotext.forest.clusterproxy.ClusterFilterBean.doFilter(ClusterFilterBean.java:73)
	at com.ontotext.forest.clusterproxy.ClusterLoadBalancerFilter.doFilterInternal(ClusterLoadBalancerFilter.java:25)
	at org.springframework.web.filter.OncePerRequestFilter.doFilter(OncePerRequestFilter.java:117)
	at org.apache.catalina.core.ApplicationFilterChain.internalDoFilter(ApplicationFilterChain.java:178)
	at org.apache.catalina.core.ApplicationFilterChain.doFilter(ApplicationFilterChain.java:153)
	at com.ontotext.forest.core.request.RequestFilter.doFilterInternal(RequestFilter.java:47)
	at org.springframework.web.filter.OncePerRequestFilter.doFilter(OncePerRequestFilter.java:117)
	at org.apache.catalina.core.ApplicationFilterChain.internalDoFilter(ApplicationFilterChain.java:178)
	at org.apache.catalina.core.ApplicationFilterChain.doFilter(ApplicationFilterChain.java:153)
	at org.springframework.web.filter.CharacterEncodingFilter.doFilterInternal(CharacterEncodingFilter.java:201)
	at org.springframework.web.filter.OncePerRequestFilter.doFilter(OncePerRequestFilter.java:117)
	at org.apache.catalina.core.ApplicationFilterChain.internalDoFilter(ApplicationFilterChain.java:178)
	at org.apache.catalina.core.ApplicationFilterChain.doFilter(ApplicationFilterChain.java:153)
	at com.github.ziplet.filter.compression.CompressingFilter.doFilter(CompressingFilter.java:263)
	at org.apache.catalina.core.ApplicationFilterChain.internalDoFilter(ApplicationFilterChain.java:178)
	at org.apache.catalina.core.ApplicationFilterChain.doFilter(ApplicationFilterChain.java:153)
	at org.apache.catalina.core.StandardWrapperValve.invoke(StandardWrapperValve.java:167)
	at org.apache.catalina.core.StandardContextValve.invoke(StandardContextValve.java:90)
	at org.apache.catalina.authenticator.AuthenticatorBase.invoke(AuthenticatorBase.java:481)
	at org.apache.catalina.core.StandardHostValve.invoke(StandardHostValve.java:130)
	at org.apache.catalina.valves.ErrorReportValve.invoke(ErrorReportValve.java:93)
	at org.apache.catalina.core.StandardEngineValve.invoke(StandardEngineValve.java:74)
	at org.apache.catalina.connector.CoyoteAdapter.service(CoyoteAdapter.java:343)
	at org.apache.coyote.http11.Http11Processor.service(Http11Processor.java:390)
	at org.apache.coyote.AbstractProcessorLight.process(AbstractProcessorLight.java:63)
	at org.apache.coyote.AbstractProtocol$ConnectionHandler.process(AbstractProtocol.java:926)
	at org.apache.tomcat.util.net.NioEndpoint$SocketProcessor.doRun(NioEndpoint.java:1791)
	at org.apache.tomcat.util.net.SocketProcessorBase.run(SocketProcessorBase.java:52)
	at org.apache.tomcat.util.threads.ThreadPoolExecutor.runWorker(ThreadPoolExecutor.java:1191)
	at org.apache.tomcat.util.threads.ThreadPoolExecutor$Worker.run(ThreadPoolExecutor.java:659)
	at org.apache.tomcat.util.threads.TaskThread$WrappingRunnable.run(TaskThread.java:61)
	at java.base/java.lang.Thread.run(Thread.java:829)
[ERROR] 2024-09-15 13:27:26,294 [repositories/forgont_endpoint | c.o.g.s.GraphQueryResultView] Query evaluation error
org.eclipse.rdf4j.query.QueryEvaluationException: Unknown function 'http://www.w3.org/2001/XMLSchema#gYear'
	at com.ontotext.trree.query.OwlimEvaluationStrategyImpl.lambda$evaluateFunctionCall$20(OwlimEvaluationStrategyImpl.java:1345)
	at java.base/java.util.Optional.orElseThrow(Optional.java:408)
	at com.ontotext.trree.query.OwlimEvaluationStrategyImpl.evaluateFunctionCall(OwlimEvaluationStrategyImpl.java:1345)
	at com.ontotext.trree.query.OwlimEvaluationStrategyImpl.lambda$prepare$18(OwlimEvaluationStrategyImpl.java:1325)
	at org.eclipse.rdf4j.query.algebra.evaluation.impl.DefaultEvaluationStrategy.evaluate(DefaultEvaluationStrategy.java:1116)
	at com.ontotext.trree.query.OwlimEvaluationStrategyImpl.evaluate(OwlimEvaluationStrategyImpl.java:1581)
	at com.ontotext.trree.query.BindTriplePattern$2.hasNext(BindTriplePattern.java:227)
	at com.ontotext.trree.query.SubQuery.bindVars(SubQuery.java:1705)
	at com.ontotext.trree.query.SubQuery$5.find(SubQuery.java:1656)
	at com.ontotext.trree.query.SubQuery$5.find(SubQuery.java:1657)
	at com.ontotext.trree.query.SubQuery$5.find(SubQuery.java:1657)
	at com.ontotext.trree.query.SubQuery$5.initializeAsNeeded(SubQuery.java:1490)
	at com.ontotext.trree.query.SubQuery$5.hasNext(SubQuery.java:1481)
	at com.ontotext.trree.query.MainQuery$1.hasNext(MainQuery.java:151)
	at com.ontotext.trree.query.QueryModelConverter$2.hasNext(QueryModelConverter.java:449)
	at com.ontotext.trree.sdk.impl.PluginManager$3.hasNext(PluginManager.java:709)
	at org.eclipse.rdf4j.common.iteration.ConvertingIteration.hasNext(ConvertingIteration.java:66)
	at com.ontotext.trree.query.evaluation.GraphDBMultiProjectionIterator.getNextElement(GraphDBMultiProjectionIterator.java:69)
	at com.ontotext.trree.query.evaluation.GraphDBMultiProjectionIterator.getNextElement(GraphDBMultiProjectionIterator.java:20)
	at org.eclipse.rdf4j.common.iteration.LookAheadIteration.lookAhead(LookAheadIteration.java:80)
	at org.eclipse.rdf4j.common.iteration.LookAheadIteration.hasNext(LookAheadIteration.java:54)
	at org.eclipse.rdf4j.common.iteration.IterationWrapper.hasNext(IterationWrapper.java:67)
	at org.eclipse.rdf4j.common.iteration.FilterIteration.findNextElement(FilterIteration.java:78)
	at org.eclipse.rdf4j.common.iteration.FilterIteration.hasNext(FilterIteration.java:49)
	at org.eclipse.rdf4j.common.iteration.IterationWrapper.hasNext(IterationWrapper.java:67)
	at org.eclipse.rdf4j.common.iteration.FilterIteration.findNextElement(FilterIteration.java:78)
	at org.eclipse.rdf4j.common.iteration.FilterIteration.hasNext(FilterIteration.java:49)
	at org.eclipse.rdf4j.common.iteration.IterationWrapper.hasNext(IterationWrapper.java:67)
	at com.ontotext.trree.SailIterationWrapper.hasNext(SailIterationWrapper.java:60)
	at org.eclipse.rdf4j.common.iteration.IterationWrapper.hasNext(IterationWrapper.java:67)
	at com.ontotext.trree.SailConnectionImpl$ConnectionClosingIteration.hasNext(SailConnectionImpl.java:3245)
	at com.ontotext.trree.query.LoggingClosableIteration.hasNext(LoggingClosableIteration.java:93)
	at org.eclipse.rdf4j.common.iteration.IterationWrapper.hasNext(IterationWrapper.java:67)
	at org.eclipse.rdf4j.common.iteration.FilterIteration.findNextElement(FilterIteration.java:78)
	at org.eclipse.rdf4j.common.iteration.FilterIteration.hasNext(FilterIteration.java:49)
	at org.eclipse.rdf4j.common.iteration.ConvertingIteration.hasNext(ConvertingIteration.java:66)
	at org.eclipse.rdf4j.common.iteration.IterationWrapper.hasNext(IterationWrapper.java:67)
	at org.eclipse.rdf4j.common.iteration.IterationWrapper.hasNext(IterationWrapper.java:67)
	at org.eclipse.rdf4j.common.iteration.LimitIteration.hasNext(LimitIteration.java:71)
	at org.eclipse.rdf4j.common.iteration.IterationWrapper.hasNext(IterationWrapper.java:67)
	at org.eclipse.rdf4j.query.QueryResults.report(QueryResults.java:330)
	at com.ontotext.graphdb.sesame.GraphQueryResultView.renderInternal(GraphQueryResultView.java:69)
	at org.eclipse.rdf4j.http.server.repository.QueryResultView.render(QueryResultView.java:66)
	at org.springframework.web.servlet.DispatcherServlet.render(DispatcherServlet.java:1406)
	at org.springframework.web.servlet.DispatcherServlet.processDispatchResult(DispatcherServlet.java:1150)
	at org.springframework.web.servlet.DispatcherServlet.doDispatch(DispatcherServlet.java:1089)
	at org.springframework.web.servlet.DispatcherServlet.doService(DispatcherServlet.java:965)
	at org.springframework.web.servlet.FrameworkServlet.processRequest(FrameworkServlet.java:1006)
	at org.springframework.web.servlet.FrameworkServlet.doPost(FrameworkServlet.java:909)
	at javax.servlet.http.HttpServlet.service(HttpServlet.java:555)
	at org.springframework.web.servlet.FrameworkServlet.service(FrameworkServlet.java:883)
	at javax.servlet.http.HttpServlet.service(HttpServlet.java:623)
	at org.apache.catalina.core.ApplicationFilterChain.internalDoFilter(ApplicationFilterChain.java:209)
	at org.apache.catalina.core.ApplicationFilterChain.doFilter(ApplicationFilterChain.java:153)
	at com.ontotext.forest.security.AdminDelegatingFilterProxy.doFilter(AdminDelegatingFilterProxy.java:82)
	at org.springframework.web.filter.DelegatingFilterProxy.invokeDelegate(DelegatingFilterProxy.java:354)
	at org.springframework.web.filter.DelegatingFilterProxy.doFilter(DelegatingFilterProxy.java:267)
	at org.apache.catalina.core.ApplicationFilterChain.internalDoFilter(ApplicationFilterChain.java:178)
	at org.apache.catalina.core.ApplicationFilterChain.doFilter(ApplicationFilterChain.java:153)
	at com.ontotext.forest.clusterproxy.ClusterFilterBean.doFilter(ClusterFilterBean.java:73)
	at com.ontotext.forest.clusterproxy.ClusterLoadBalancerFilter.doFilterInternal(ClusterLoadBalancerFilter.java:25)
	at org.springframework.web.filter.OncePerRequestFilter.doFilter(OncePerRequestFilter.java:117)
	at org.apache.catalina.core.ApplicationFilterChain.internalDoFilter(ApplicationFilterChain.java:178)
	at org.apache.catalina.core.ApplicationFilterChain.doFilter(ApplicationFilterChain.java:153)
	at com.ontotext.forest.core.request.RequestFilter.doFilterInternal(RequestFilter.java:47)
	at org.springframework.web.filter.OncePerRequestFilter.doFilter(OncePerRequestFilter.java:117)
	at org.apache.catalina.core.ApplicationFilterChain.internalDoFilter(ApplicationFilterChain.java:178)
	at org.apache.catalina.core.ApplicationFilterChain.doFilter(ApplicationFilterChain.java:153)
	at org.springframework.web.filter.CharacterEncodingFilter.doFilterInternal(CharacterEncodingFilter.java:201)
	at org.springframework.web.filter.OncePerRequestFilter.doFilter(OncePerRequestFilter.java:117)
	at org.apache.catalina.core.ApplicationFilterChain.internalDoFilter(ApplicationFilterChain.java:178)
	at org.apache.catalina.core.ApplicationFilterChain.doFilter(ApplicationFilterChain.java:153)
	at com.github.ziplet.filter.compression.CompressingFilter.doFilter(CompressingFilter.java:263)
	at org.apache.catalina.core.ApplicationFilterChain.internalDoFilter(ApplicationFilterChain.java:178)
	at org.apache.catalina.core.ApplicationFilterChain.doFilter(ApplicationFilterChain.java:153)
	at org.apache.catalina.core.StandardWrapperValve.invoke(StandardWrapperValve.java:167)
	at org.apache.catalina.core.StandardContextValve.invoke(StandardContextValve.java:90)
	at org.apache.catalina.authenticator.AuthenticatorBase.invoke(AuthenticatorBase.java:481)
	at org.apache.catalina.core.StandardHostValve.invoke(StandardHostValve.java:130)
	at org.apache.catalina.valves.ErrorReportValve.invoke(ErrorReportValve.java:93)
	at org.apache.catalina.core.StandardEngineValve.invoke(StandardEngineValve.java:74)
	at org.apache.catalina.connector.CoyoteAdapter.service(CoyoteAdapter.java:343)
	at org.apache.coyote.http11.Http11Processor.service(Http11Processor.java:390)
	at org.apache.coyote.AbstractProcessorLight.process(AbstractProcessorLight.java:63)
	at org.apache.coyote.AbstractProtocol$ConnectionHandler.process(AbstractProtocol.java:926)
	at org.apache.tomcat.util.net.NioEndpoint$SocketProcessor.doRun(NioEndpoint.java:1791)
	at org.apache.tomcat.util.net.SocketProcessorBase.run(SocketProcessorBase.java:52)
	at org.apache.tomcat.util.threads.ThreadPoolExecutor.runWorker(ThreadPoolExecutor.java:1191)
	at org.apache.tomcat.util.threads.ThreadPoolExecutor$Worker.run(ThreadPoolExecutor.java:659)
	at org.apache.tomcat.util.threads.TaskThread$WrappingRunnable.run(TaskThread.java:61)
	at java.base/java.lang.Thread.run(Thread.java:829)
[ERROR] 2024-09-15 13:32:51,504 [repositories/forgont_endpoint | c.o.g.s.GraphQueryResultView] Query evaluation error
org.eclipse.rdf4j.query.QueryEvaluationException: Unknown function 'http://www.w3.org/2001/XMLSchema#gYear'
	at com.ontotext.trree.query.OwlimEvaluationStrategyImpl.lambda$evaluateFunctionCall$20(OwlimEvaluationStrategyImpl.java:1345)
	at java.base/java.util.Optional.orElseThrow(Optional.java:408)
	at com.ontotext.trree.query.OwlimEvaluationStrategyImpl.evaluateFunctionCall(OwlimEvaluationStrategyImpl.java:1345)
	at com.ontotext.trree.query.OwlimEvaluationStrategyImpl.lambda$prepare$18(OwlimEvaluationStrategyImpl.java:1325)
	at org.eclipse.rdf4j.query.algebra.evaluation.impl.DefaultEvaluationStrategy.evaluate(DefaultEvaluationStrategy.java:1116)
	at com.ontotext.trree.query.OwlimEvaluationStrategyImpl.evaluate(OwlimEvaluationStrategyImpl.java:1581)
	at com.ontotext.trree.query.BindTriplePattern$2.hasNext(BindTriplePattern.java:227)
	at com.ontotext.trree.query.SubQuery.bindVars(SubQuery.java:1705)
	at com.ontotext.trree.query.SubQuery$5.find(SubQuery.java:1656)
	at com.ontotext.trree.query.SubQuery$5.initializeAsNeeded(SubQuery.java:1490)
	at com.ontotext.trree.query.SubQuery$5.hasNext(SubQuery.java:1481)
	at com.ontotext.trree.query.MainQuery$1.hasNext(MainQuery.java:151)
	at com.ontotext.trree.query.MainQuery$1.hasNext(MainQuery.java:175)
	at com.ontotext.trree.query.QueryModelConverter$2.hasNext(QueryModelConverter.java:449)
	at com.ontotext.trree.sdk.impl.PluginManager$3.hasNext(PluginManager.java:709)
	at org.eclipse.rdf4j.common.iteration.ConvertingIteration.hasNext(ConvertingIteration.java:66)
	at com.ontotext.trree.query.evaluation.GraphDBMultiProjectionIterator.getNextElement(GraphDBMultiProjectionIterator.java:69)
	at com.ontotext.trree.query.evaluation.GraphDBMultiProjectionIterator.getNextElement(GraphDBMultiProjectionIterator.java:20)
	at org.eclipse.rdf4j.common.iteration.LookAheadIteration.lookAhead(LookAheadIteration.java:80)
	at org.eclipse.rdf4j.common.iteration.LookAheadIteration.hasNext(LookAheadIteration.java:54)
	at org.eclipse.rdf4j.common.iteration.IterationWrapper.hasNext(IterationWrapper.java:67)
	at org.eclipse.rdf4j.common.iteration.FilterIteration.findNextElement(FilterIteration.java:78)
	at org.eclipse.rdf4j.common.iteration.FilterIteration.hasNext(FilterIteration.java:49)
	at org.eclipse.rdf4j.common.iteration.IterationWrapper.hasNext(IterationWrapper.java:67)
	at org.eclipse.rdf4j.common.iteration.FilterIteration.findNextElement(FilterIteration.java:78)
	at org.eclipse.rdf4j.common.iteration.FilterIteration.hasNext(FilterIteration.java:49)
	at org.eclipse.rdf4j.common.iteration.IterationWrapper.hasNext(IterationWrapper.java:67)
	at com.ontotext.trree.SailIterationWrapper.hasNext(SailIterationWrapper.java:60)
	at org.eclipse.rdf4j.common.iteration.IterationWrapper.hasNext(IterationWrapper.java:67)
	at com.ontotext.trree.SailConnectionImpl$ConnectionClosingIteration.hasNext(SailConnectionImpl.java:3245)
	at com.ontotext.trree.query.LoggingClosableIteration.hasNext(LoggingClosableIteration.java:93)
	at org.eclipse.rdf4j.common.iteration.IterationWrapper.hasNext(IterationWrapper.java:67)
	at org.eclipse.rdf4j.common.iteration.FilterIteration.findNextElement(FilterIteration.java:78)
	at org.eclipse.rdf4j.common.iteration.FilterIteration.hasNext(FilterIteration.java:49)
	at org.eclipse.rdf4j.common.iteration.ConvertingIteration.hasNext(ConvertingIteration.java:66)
	at org.eclipse.rdf4j.common.iteration.IterationWrapper.hasNext(IterationWrapper.java:67)
	at org.eclipse.rdf4j.common.iteration.IterationWrapper.hasNext(IterationWrapper.java:67)
	at org.eclipse.rdf4j.common.iteration.LimitIteration.hasNext(LimitIteration.java:71)
	at org.eclipse.rdf4j.common.iteration.IterationWrapper.hasNext(IterationWrapper.java:67)
	at org.eclipse.rdf4j.query.QueryResults.report(QueryResults.java:330)
	at com.ontotext.graphdb.sesame.GraphQueryResultView.renderInternal(GraphQueryResultView.java:69)
	at org.eclipse.rdf4j.http.server.repository.QueryResultView.render(QueryResultView.java:66)
	at org.springframework.web.servlet.DispatcherServlet.render(DispatcherServlet.java:1406)
	at org.springframework.web.servlet.DispatcherServlet.processDispatchResult(DispatcherServlet.java:1150)
	at org.springframework.web.servlet.DispatcherServlet.doDispatch(DispatcherServlet.java:1089)
	at org.springframework.web.servlet.DispatcherServlet.doService(DispatcherServlet.java:965)
	at org.springframework.web.servlet.FrameworkServlet.processRequest(FrameworkServlet.java:1006)
	at org.springframework.web.servlet.FrameworkServlet.doPost(FrameworkServlet.java:909)
	at javax.servlet.http.HttpServlet.service(HttpServlet.java:555)
	at org.springframework.web.servlet.FrameworkServlet.service(FrameworkServlet.java:883)
	at javax.servlet.http.HttpServlet.service(HttpServlet.java:623)
	at org.apache.catalina.core.ApplicationFilterChain.internalDoFilter(ApplicationFilterChain.java:209)
	at org.apache.catalina.core.ApplicationFilterChain.doFilter(ApplicationFilterChain.java:153)
	at com.ontotext.forest.security.AdminDelegatingFilterProxy.doFilter(AdminDelegatingFilterProxy.java:82)
	at org.springframework.web.filter.DelegatingFilterProxy.invokeDelegate(DelegatingFilterProxy.java:354)
	at org.springframework.web.filter.DelegatingFilterProxy.doFilter(DelegatingFilterProxy.java:267)
	at org.apache.catalina.core.ApplicationFilterChain.internalDoFilter(ApplicationFilterChain.java:178)
	at org.apache.catalina.core.ApplicationFilterChain.doFilter(ApplicationFilterChain.java:153)
	at com.ontotext.forest.clusterproxy.ClusterFilterBean.doFilter(ClusterFilterBean.java:73)
	at com.ontotext.forest.clusterproxy.ClusterLoadBalancerFilter.doFilterInternal(ClusterLoadBalancerFilter.java:25)
	at org.springframework.web.filter.OncePerRequestFilter.doFilter(OncePerRequestFilter.java:117)
	at org.apache.catalina.core.ApplicationFilterChain.internalDoFilter(ApplicationFilterChain.java:178)
	at org.apache.catalina.core.ApplicationFilterChain.doFilter(ApplicationFilterChain.java:153)
	at com.ontotext.forest.core.request.RequestFilter.doFilterInternal(RequestFilter.java:47)
	at org.springframework.web.filter.OncePerRequestFilter.doFilter(OncePerRequestFilter.java:117)
	at org.apache.catalina.core.ApplicationFilterChain.internalDoFilter(ApplicationFilterChain.java:178)
	at org.apache.catalina.core.ApplicationFilterChain.doFilter(ApplicationFilterChain.java:153)
	at org.springframework.web.filter.CharacterEncodingFilter.doFilterInternal(CharacterEncodingFilter.java:201)
	at org.springframework.web.filter.OncePerRequestFilter.doFilter(OncePerRequestFilter.java:117)
	at org.apache.catalina.core.ApplicationFilterChain.internalDoFilter(ApplicationFilterChain.java:178)
	at org.apache.catalina.core.ApplicationFilterChain.doFilter(ApplicationFilterChain.java:153)
	at com.github.ziplet.filter.compression.CompressingFilter.doFilter(CompressingFilter.java:263)
	at org.apache.catalina.core.ApplicationFilterChain.internalDoFilter(ApplicationFilterChain.java:178)
	at org.apache.catalina.core.ApplicationFilterChain.doFilter(ApplicationFilterChain.java:153)
	at org.apache.catalina.core.StandardWrapperValve.invoke(StandardWrapperValve.java:167)
	at org.apache.catalina.core.StandardContextValve.invoke(StandardContextValve.java:90)
	at org.apache.catalina.authenticator.AuthenticatorBase.invoke(AuthenticatorBase.java:481)
	at org.apache.catalina.core.StandardHostValve.invoke(StandardHostValve.java:130)
	at org.apache.catalina.valves.ErrorReportValve.invoke(ErrorReportValve.java:93)
	at org.apache.catalina.core.StandardEngineValve.invoke(StandardEngineValve.java:74)
	at org.apache.catalina.connector.CoyoteAdapter.service(CoyoteAdapter.java:343)
	at org.apache.coyote.http11.Http11Processor.service(Http11Processor.java:390)
	at org.apache.coyote.AbstractProcessorLight.process(AbstractProcessorLight.java:63)
	at org.apache.coyote.AbstractProtocol$ConnectionHandler.process(AbstractProtocol.java:926)
	at org.apache.tomcat.util.net.NioEndpoint$SocketProcessor.doRun(NioEndpoint.java:1791)
	at org.apache.tomcat.util.net.SocketProcessorBase.run(SocketProcessorBase.java:52)
	at org.apache.tomcat.util.threads.ThreadPoolExecutor.runWorker(ThreadPoolExecutor.java:1191)
	at org.apache.tomcat.util.threads.ThreadPoolExecutor$Worker.run(ThreadPoolExecutor.java:659)
	at org.apache.tomcat.util.threads.TaskThread$WrappingRunnable.run(TaskThread.java:61)
	at java.base/java.lang.Thread.run(Thread.java:829)
[ERROR] 2024-09-15 13:33:01,854 [repositories/forgont_endpoint | c.o.g.s.GraphQueryResultView] Query evaluation error
org.eclipse.rdf4j.query.QueryEvaluationException: Unknown function 'http://www.w3.org/2001/XMLSchema#Literal'
	at com.ontotext.trree.query.OwlimEvaluationStrategyImpl.lambda$evaluateFunctionCall$20(OwlimEvaluationStrategyImpl.java:1345)
	at java.base/java.util.Optional.orElseThrow(Optional.java:408)
	at com.ontotext.trree.query.OwlimEvaluationStrategyImpl.evaluateFunctionCall(OwlimEvaluationStrategyImpl.java:1345)
	at com.ontotext.trree.query.OwlimEvaluationStrategyImpl.lambda$prepare$18(OwlimEvaluationStrategyImpl.java:1325)
	at org.eclipse.rdf4j.query.algebra.evaluation.impl.DefaultEvaluationStrategy.evaluate(DefaultEvaluationStrategy.java:1116)
	at com.ontotext.trree.query.OwlimEvaluationStrategyImpl.evaluate(OwlimEvaluationStrategyImpl.java:1581)
	at com.ontotext.trree.query.BindTriplePattern$2.hasNext(BindTriplePattern.java:227)
	at com.ontotext.trree.query.SubQuery.bindVars(SubQuery.java:1705)
	at com.ontotext.trree.query.SubQuery$5.find(SubQuery.java:1656)
	at com.ontotext.trree.query.SubQuery$5.initializeAsNeeded(SubQuery.java:1490)
	at com.ontotext.trree.query.SubQuery$5.hasNext(SubQuery.java:1481)
	at com.ontotext.trree.query.MainQuery$1.hasNext(MainQuery.java:151)
	at com.ontotext.trree.query.MainQuery$1.hasNext(MainQuery.java:175)
	at com.ontotext.trree.query.QueryModelConverter$2.hasNext(QueryModelConverter.java:449)
	at com.ontotext.trree.sdk.impl.PluginManager$3.hasNext(PluginManager.java:709)
	at org.eclipse.rdf4j.common.iteration.ConvertingIteration.hasNext(ConvertingIteration.java:66)
	at com.ontotext.trree.query.evaluation.GraphDBMultiProjectionIterator.getNextElement(GraphDBMultiProjectionIterator.java:69)
	at com.ontotext.trree.query.evaluation.GraphDBMultiProjectionIterator.getNextElement(GraphDBMultiProjectionIterator.java:20)
	at org.eclipse.rdf4j.common.iteration.LookAheadIteration.lookAhead(LookAheadIteration.java:80)
	at org.eclipse.rdf4j.common.iteration.LookAheadIteration.hasNext(LookAheadIteration.java:54)
	at org.eclipse.rdf4j.common.iteration.IterationWrapper.hasNext(IterationWrapper.java:67)
	at org.eclipse.rdf4j.common.iteration.FilterIteration.findNextElement(FilterIteration.java:78)
	at org.eclipse.rdf4j.common.iteration.FilterIteration.hasNext(FilterIteration.java:49)
	at org.eclipse.rdf4j.common.iteration.IterationWrapper.hasNext(IterationWrapper.java:67)
	at org.eclipse.rdf4j.common.iteration.FilterIteration.findNextElement(FilterIteration.java:78)
	at org.eclipse.rdf4j.common.iteration.FilterIteration.hasNext(FilterIteration.java:49)
	at org.eclipse.rdf4j.common.iteration.IterationWrapper.hasNext(IterationWrapper.java:67)
	at com.ontotext.trree.SailIterationWrapper.hasNext(SailIterationWrapper.java:60)
	at org.eclipse.rdf4j.common.iteration.IterationWrapper.hasNext(IterationWrapper.java:67)
	at com.ontotext.trree.SailConnectionImpl$ConnectionClosingIteration.hasNext(SailConnectionImpl.java:3245)
	at com.ontotext.trree.query.LoggingClosableIteration.hasNext(LoggingClosableIteration.java:93)
	at org.eclipse.rdf4j.common.iteration.IterationWrapper.hasNext(IterationWrapper.java:67)
	at org.eclipse.rdf4j.common.iteration.FilterIteration.findNextElement(FilterIteration.java:78)
	at org.eclipse.rdf4j.common.iteration.FilterIteration.hasNext(FilterIteration.java:49)
	at org.eclipse.rdf4j.common.iteration.ConvertingIteration.hasNext(ConvertingIteration.java:66)
	at org.eclipse.rdf4j.common.iteration.IterationWrapper.hasNext(IterationWrapper.java:67)
	at org.eclipse.rdf4j.common.iteration.IterationWrapper.hasNext(IterationWrapper.java:67)
	at org.eclipse.rdf4j.common.iteration.LimitIteration.hasNext(LimitIteration.java:71)
	at org.eclipse.rdf4j.common.iteration.IterationWrapper.hasNext(IterationWrapper.java:67)
	at org.eclipse.rdf4j.query.QueryResults.report(QueryResults.java:330)
	at com.ontotext.graphdb.sesame.GraphQueryResultView.renderInternal(GraphQueryResultView.java:69)
	at org.eclipse.rdf4j.http.server.repository.QueryResultView.render(QueryResultView.java:66)
	at org.springframework.web.servlet.DispatcherServlet.render(DispatcherServlet.java:1406)
	at org.springframework.web.servlet.DispatcherServlet.processDispatchResult(DispatcherServlet.java:1150)
	at org.springframework.web.servlet.DispatcherServlet.doDispatch(DispatcherServlet.java:1089)
	at org.springframework.web.servlet.DispatcherServlet.doService(DispatcherServlet.java:965)
	at org.springframework.web.servlet.FrameworkServlet.processRequest(FrameworkServlet.java:1006)
	at org.springframework.web.servlet.FrameworkServlet.doPost(FrameworkServlet.java:909)
	at javax.servlet.http.HttpServlet.service(HttpServlet.java:555)
	at org.springframework.web.servlet.FrameworkServlet.service(FrameworkServlet.java:883)
	at javax.servlet.http.HttpServlet.service(HttpServlet.java:623)
	at org.apache.catalina.core.ApplicationFilterChain.internalDoFilter(ApplicationFilterChain.java:209)
	at org.apache.catalina.core.ApplicationFilterChain.doFilter(ApplicationFilterChain.java:153)
	at com.ontotext.forest.security.AdminDelegatingFilterProxy.doFilter(AdminDelegatingFilterProxy.java:82)
	at org.springframework.web.filter.DelegatingFilterProxy.invokeDelegate(DelegatingFilterProxy.java:354)
	at org.springframework.web.filter.DelegatingFilterProxy.doFilter(DelegatingFilterProxy.java:267)
	at org.apache.catalina.core.ApplicationFilterChain.internalDoFilter(ApplicationFilterChain.java:178)
	at org.apache.catalina.core.ApplicationFilterChain.doFilter(ApplicationFilterChain.java:153)
	at com.ontotext.forest.clusterproxy.ClusterFilterBean.doFilter(ClusterFilterBean.java:73)
	at com.ontotext.forest.clusterproxy.ClusterLoadBalancerFilter.doFilterInternal(ClusterLoadBalancerFilter.java:25)
	at org.springframework.web.filter.OncePerRequestFilter.doFilter(OncePerRequestFilter.java:117)
	at org.apache.catalina.core.ApplicationFilterChain.internalDoFilter(ApplicationFilterChain.java:178)
	at org.apache.catalina.core.ApplicationFilterChain.doFilter(ApplicationFilterChain.java:153)
	at com.ontotext.forest.core.request.RequestFilter.doFilterInternal(RequestFilter.java:47)
	at org.springframework.web.filter.OncePerRequestFilter.doFilter(OncePerRequestFilter.java:117)
	at org.apache.catalina.core.ApplicationFilterChain.internalDoFilter(ApplicationFilterChain.java:178)
	at org.apache.catalina.core.ApplicationFilterChain.doFilter(ApplicationFilterChain.java:153)
	at org.springframework.web.filter.CharacterEncodingFilter.doFilterInternal(CharacterEncodingFilter.java:201)
	at org.springframework.web.filter.OncePerRequestFilter.doFilter(OncePerRequestFilter.java:117)
	at org.apache.catalina.core.ApplicationFilterChain.internalDoFilter(ApplicationFilterChain.java:178)
	at org.apache.catalina.core.ApplicationFilterChain.doFilter(ApplicationFilterChain.java:153)
	at com.github.ziplet.filter.compression.CompressingFilter.doFilter(CompressingFilter.java:263)
	at org.apache.catalina.core.ApplicationFilterChain.internalDoFilter(ApplicationFilterChain.java:178)
	at org.apache.catalina.core.ApplicationFilterChain.doFilter(ApplicationFilterChain.java:153)
	at org.apache.catalina.core.StandardWrapperValve.invoke(StandardWrapperValve.java:167)
	at org.apache.catalina.core.StandardContextValve.invoke(StandardContextValve.java:90)
	at org.apache.catalina.authenticator.AuthenticatorBase.invoke(AuthenticatorBase.java:481)
	at org.apache.catalina.core.StandardHostValve.invoke(StandardHostValve.java:130)
	at org.apache.catalina.valves.ErrorReportValve.invoke(ErrorReportValve.java:93)
	at org.apache.catalina.core.StandardEngineValve.invoke(StandardEngineValve.java:74)
	at org.apache.catalina.connector.CoyoteAdapter.service(CoyoteAdapter.java:343)
	at org.apache.coyote.http11.Http11Processor.service(Http11Processor.java:390)
	at org.apache.coyote.AbstractProcessorLight.process(AbstractProcessorLight.java:63)
	at org.apache.coyote.AbstractProtocol$ConnectionHandler.process(AbstractProtocol.java:926)
	at org.apache.tomcat.util.net.NioEndpoint$SocketProcessor.doRun(NioEndpoint.java:1791)
	at org.apache.tomcat.util.net.SocketProcessorBase.run(SocketProcessorBase.java:52)
	at org.apache.tomcat.util.threads.ThreadPoolExecutor.runWorker(ThreadPoolExecutor.java:1191)
	at org.apache.tomcat.util.threads.ThreadPoolExecutor$Worker.run(ThreadPoolExecutor.java:659)
	at org.apache.tomcat.util.threads.TaskThread$WrappingRunnable.run(TaskThread.java:61)
	at java.base/java.lang.Thread.run(Thread.java:829)
[ERROR] 2024-09-15 14:59:02,716 [import-task-forgont_endpoint-1 | o.e.r.r.h.ParseErrorLogger] [Rio fatal] Expected '}', found '[' (2240, -1)
[ERROR] 2024-09-15 14:59:02,718 [import-task-forgont_endpoint-1 | c.o.f.i.FileImportRunnableTask] RDF Parse Error 
org.eclipse.rdf4j.rio.RDFParseException: Expected '}', found '[' [line 2240]
	at org.eclipse.rdf4j.rio.helpers.RDFParserHelper.reportFatalError(RDFParserHelper.java:347)
	at org.eclipse.rdf4j.rio.helpers.AbstractRDFParser.reportFatalError(AbstractRDFParser.java:682)
	at org.eclipse.rdf4j.rio.turtle.TurtleParser.reportFatalError(TurtleParser.java:1308)
	at org.eclipse.rdf4j.rio.turtle.TurtleParser.verifyCharacterOrFail(TurtleParser.java:1153)
	at org.eclipse.rdf4j.rio.trig.TriGParser.parseSett(TriGParser.java:420)
	at org.eclipse.rdf4j.rio.trig.TriGParser.parseStatement(TriGParser.java:171)
	at org.eclipse.rdf4j.rio.turtle.TurtleParser.parse(TurtleParser.java:164)
	at org.eclipse.rdf4j.rio.turtle.TurtleParser.parse(TurtleParser.java:127)
	at org.eclipse.rdf4j.repository.util.RDFLoader.loadInputStreamOrReader(RDFLoader.java:302)
	at org.eclipse.rdf4j.repository.util.RDFLoader.load(RDFLoader.java:229)
	at org.eclipse.rdf4j.repository.base.AbstractRepositoryConnection.add(AbstractRepositoryConnection.java:285)
	at com.ontotext.trree.monitorRepository.MonitorRepositoryConnection.add(MonitorRepositoryConnection.java:219)
	at com.ontotext.trree.parallel.InterruptableConnectionWrapper.add(InterruptableConnectionWrapper.java:121)
	at com.ontotext.trree.parallel.InterruptableConnectionWrapper.add(InterruptableConnectionWrapper.java:50)
	at com.ontotext.forest.impex.ParallelAwareImporter.lambda$add$5(ParallelAwareImporter.java:122)
	at com.ontotext.forest.impex.ParallelAwareImporter.wrapInBeginCommit(ParallelAwareImporter.java:143)
	at com.ontotext.forest.impex.ParallelAwareImporter.add(ParallelAwareImporter.java:104)
	at com.ontotext.forest.impex.FileImportRunnableTask.load(FileImportRunnableTask.java:43)
	at com.ontotext.forest.impex.ImportRunnableTask.run(ImportRunnableTask.java:89)
	at java.base/java.util.concurrent.Executors$RunnableAdapter.call(Executors.java:515)
	at java.base/java.util.concurrent.FutureTask.run(FutureTask.java:264)
	at java.base/java.util.concurrent.ThreadPoolExecutor.runWorker(ThreadPoolExecutor.java:1128)
	at java.base/java.util.concurrent.ThreadPoolExecutor$Worker.run(ThreadPoolExecutor.java:628)
	at java.base/java.lang.Thread.run(Thread.java:829)
[ERROR] 2024-09-15 16:27:32,745 [import-task-forgont_endpoint-1 | o.e.r.r.h.ParseErrorLogger] [Rio fatal] Illegal carriage return or new line in literal (3502, -1)
[ERROR] 2024-09-15 16:27:32,750 [import-task-forgont_endpoint-1 | c.o.f.i.FileImportRunnableTask] RDF Parse Error 
org.eclipse.rdf4j.rio.RDFParseException: Illegal carriage return or new line in literal [line 3502]
	at org.eclipse.rdf4j.rio.helpers.RDFParserHelper.reportFatalError(RDFParserHelper.java:347)
	at org.eclipse.rdf4j.rio.helpers.AbstractRDFParser.reportFatalError(AbstractRDFParser.java:682)
	at org.eclipse.rdf4j.rio.turtle.TurtleParser.reportFatalError(TurtleParser.java:1308)
	at org.eclipse.rdf4j.rio.turtle.TurtleParser.parseString(TurtleParser.java:726)
	at org.eclipse.rdf4j.rio.turtle.TurtleParser.parseQuotedString(TurtleParser.java:693)
	at org.eclipse.rdf4j.rio.turtle.TurtleParser.parseQuotedLiteral(TurtleParser.java:596)
	at org.eclipse.rdf4j.rio.turtle.TurtleParser.parseValue(TurtleParser.java:579)
	at org.eclipse.rdf4j.rio.turtle.TurtleParser.parseObject(TurtleParser.java:452)
	at org.eclipse.rdf4j.rio.turtle.TurtleParser.parseObjectList(TurtleParser.java:374)
	at org.eclipse.rdf4j.rio.turtle.TurtleParser.parsePredicateObjectList(TurtleParser.java:347)
	at org.eclipse.rdf4j.rio.trig.TriGParser.parseTriples(TriGParser.java:480)
	at org.eclipse.rdf4j.rio.trig.TriGParser.parseGraph(TriGParser.java:238)
	at org.eclipse.rdf4j.rio.trig.TriGParser.parseStatement(TriGParser.java:177)
	at org.eclipse.rdf4j.rio.turtle.TurtleParser.parse(TurtleParser.java:164)
	at org.eclipse.rdf4j.rio.turtle.TurtleParser.parse(TurtleParser.java:127)
	at org.eclipse.rdf4j.repository.util.RDFLoader.loadInputStreamOrReader(RDFLoader.java:302)
	at org.eclipse.rdf4j.repository.util.RDFLoader.load(RDFLoader.java:229)
	at org.eclipse.rdf4j.repository.base.AbstractRepositoryConnection.add(AbstractRepositoryConnection.java:285)
	at com.ontotext.trree.monitorRepository.MonitorRepositoryConnection.add(MonitorRepositoryConnection.java:219)
	at com.ontotext.trree.parallel.InterruptableConnectionWrapper.add(InterruptableConnectionWrapper.java:121)
	at com.ontotext.trree.parallel.InterruptableConnectionWrapper.add(InterruptableConnectionWrapper.java:50)
	at com.ontotext.forest.impex.ParallelAwareImporter.lambda$add$5(ParallelAwareImporter.java:122)
	at com.ontotext.forest.impex.ParallelAwareImporter.wrapInBeginCommit(ParallelAwareImporter.java:143)
	at com.ontotext.forest.impex.ParallelAwareImporter.add(ParallelAwareImporter.java:104)
	at com.ontotext.forest.impex.FileImportRunnableTask.load(FileImportRunnableTask.java:43)
	at com.ontotext.forest.impex.ImportRunnableTask.run(ImportRunnableTask.java:89)
	at java.base/java.util.concurrent.Executors$RunnableAdapter.call(Executors.java:515)
	at java.base/java.util.concurrent.FutureTask.run(FutureTask.java:264)
	at java.base/java.util.concurrent.ThreadPoolExecutor.runWorker(ThreadPoolExecutor.java:1128)
	at java.base/java.util.concurrent.ThreadPoolExecutor$Worker.run(ThreadPoolExecutor.java:628)
	at java.base/java.lang.Thread.run(Thread.java:829)
[ERROR] 2024-09-15 16:33:14,639 [import-task-forgont_endpoint-1 | o.e.r.r.h.ParseErrorLogger] [Rio fatal] Illegal carriage return or new line in literal (3507, -1)
[ERROR] 2024-09-15 16:33:14,639 [import-task-forgont_endpoint-1 | c.o.f.i.FileImportRunnableTask] RDF Parse Error 
org.eclipse.rdf4j.rio.RDFParseException: Illegal carriage return or new line in literal [line 3507]
	at org.eclipse.rdf4j.rio.helpers.RDFParserHelper.reportFatalError(RDFParserHelper.java:347)
	at org.eclipse.rdf4j.rio.helpers.AbstractRDFParser.reportFatalError(AbstractRDFParser.java:682)
	at org.eclipse.rdf4j.rio.turtle.TurtleParser.reportFatalError(TurtleParser.java:1308)
	at org.eclipse.rdf4j.rio.turtle.TurtleParser.parseString(TurtleParser.java:726)
	at org.eclipse.rdf4j.rio.turtle.TurtleParser.parseQuotedString(TurtleParser.java:693)
	at org.eclipse.rdf4j.rio.turtle.TurtleParser.parseQuotedLiteral(TurtleParser.java:596)
	at org.eclipse.rdf4j.rio.turtle.TurtleParser.parseValue(TurtleParser.java:579)
	at org.eclipse.rdf4j.rio.turtle.TurtleParser.parseObject(TurtleParser.java:452)
	at org.eclipse.rdf4j.rio.turtle.TurtleParser.parseObjectList(TurtleParser.java:374)
	at org.eclipse.rdf4j.rio.turtle.TurtleParser.parsePredicateObjectList(TurtleParser.java:347)
	at org.eclipse.rdf4j.rio.trig.TriGParser.parseTriples(TriGParser.java:480)
	at org.eclipse.rdf4j.rio.trig.TriGParser.parseGraph(TriGParser.java:238)
	at org.eclipse.rdf4j.rio.trig.TriGParser.parseStatement(TriGParser.java:177)
	at org.eclipse.rdf4j.rio.turtle.TurtleParser.parse(TurtleParser.java:164)
	at org.eclipse.rdf4j.rio.turtle.TurtleParser.parse(TurtleParser.java:127)
	at org.eclipse.rdf4j.repository.util.RDFLoader.loadInputStreamOrReader(RDFLoader.java:302)
	at org.eclipse.rdf4j.repository.util.RDFLoader.load(RDFLoader.java:229)
	at org.eclipse.rdf4j.repository.base.AbstractRepositoryConnection.add(AbstractRepositoryConnection.java:285)
	at com.ontotext.trree.monitorRepository.MonitorRepositoryConnection.add(MonitorRepositoryConnection.java:219)
	at com.ontotext.trree.parallel.InterruptableConnectionWrapper.add(InterruptableConnectionWrapper.java:121)
	at com.ontotext.trree.parallel.InterruptableConnectionWrapper.add(InterruptableConnectionWrapper.java:50)
	at com.ontotext.forest.impex.ParallelAwareImporter.lambda$add$5(ParallelAwareImporter.java:122)
	at com.ontotext.forest.impex.ParallelAwareImporter.wrapInBeginCommit(ParallelAwareImporter.java:143)
	at com.ontotext.forest.impex.ParallelAwareImporter.add(ParallelAwareImporter.java:104)
	at com.ontotext.forest.impex.FileImportRunnableTask.load(FileImportRunnableTask.java:43)
	at com.ontotext.forest.impex.ImportRunnableTask.run(ImportRunnableTask.java:89)
	at java.base/java.util.concurrent.Executors$RunnableAdapter.call(Executors.java:515)
	at java.base/java.util.concurrent.FutureTask.run(FutureTask.java:264)
	at java.base/java.util.concurrent.ThreadPoolExecutor.runWorker(ThreadPoolExecutor.java:1128)
	at java.base/java.util.concurrent.ThreadPoolExecutor$Worker.run(ThreadPoolExecutor.java:628)
	at java.base/java.lang.Thread.run(Thread.java:829)
[ERROR] 2024-09-15 16:34:17,980 [import-task-forgont_endpoint-1 | o.e.r.r.h.ParseErrorLogger] [Rio fatal] Illegal carriage return or new line in literal (3512, -1)
[ERROR] 2024-09-15 16:34:17,980 [import-task-forgont_endpoint-1 | c.o.f.i.FileImportRunnableTask] RDF Parse Error 
org.eclipse.rdf4j.rio.RDFParseException: Illegal carriage return or new line in literal [line 3512]
	at org.eclipse.rdf4j.rio.helpers.RDFParserHelper.reportFatalError(RDFParserHelper.java:347)
	at org.eclipse.rdf4j.rio.helpers.AbstractRDFParser.reportFatalError(AbstractRDFParser.java:682)
	at org.eclipse.rdf4j.rio.turtle.TurtleParser.reportFatalError(TurtleParser.java:1308)
	at org.eclipse.rdf4j.rio.turtle.TurtleParser.parseString(TurtleParser.java:726)
	at org.eclipse.rdf4j.rio.turtle.TurtleParser.parseQuotedString(TurtleParser.java:693)
	at org.eclipse.rdf4j.rio.turtle.TurtleParser.parseQuotedLiteral(TurtleParser.java:596)
	at org.eclipse.rdf4j.rio.turtle.TurtleParser.parseValue(TurtleParser.java:579)
	at org.eclipse.rdf4j.rio.turtle.TurtleParser.parseObject(TurtleParser.java:452)
	at org.eclipse.rdf4j.rio.turtle.TurtleParser.parseObjectList(TurtleParser.java:374)
	at org.eclipse.rdf4j.rio.turtle.TurtleParser.parsePredicateObjectList(TurtleParser.java:347)
	at org.eclipse.rdf4j.rio.trig.TriGParser.parseTriples(TriGParser.java:480)
	at org.eclipse.rdf4j.rio.trig.TriGParser.parseGraph(TriGParser.java:238)
	at org.eclipse.rdf4j.rio.trig.TriGParser.parseStatement(TriGParser.java:177)
	at org.eclipse.rdf4j.rio.turtle.TurtleParser.parse(TurtleParser.java:164)
	at org.eclipse.rdf4j.rio.turtle.TurtleParser.parse(TurtleParser.java:127)
	at org.eclipse.rdf4j.repository.util.RDFLoader.loadInputStreamOrReader(RDFLoader.java:302)
	at org.eclipse.rdf4j.repository.util.RDFLoader.load(RDFLoader.java:229)
	at org.eclipse.rdf4j.repository.base.AbstractRepositoryConnection.add(AbstractRepositoryConnection.java:285)
	at com.ontotext.trree.monitorRepository.MonitorRepositoryConnection.add(MonitorRepositoryConnection.java:219)
	at com.ontotext.trree.parallel.InterruptableConnectionWrapper.add(InterruptableConnectionWrapper.java:121)
	at com.ontotext.trree.parallel.InterruptableConnectionWrapper.add(InterruptableConnectionWrapper.java:50)
	at com.ontotext.forest.impex.ParallelAwareImporter.lambda$add$5(ParallelAwareImporter.java:122)
	at com.ontotext.forest.impex.ParallelAwareImporter.wrapInBeginCommit(ParallelAwareImporter.java:143)
	at com.ontotext.forest.impex.ParallelAwareImporter.add(ParallelAwareImporter.java:104)
	at com.ontotext.forest.impex.FileImportRunnableTask.load(FileImportRunnableTask.java:43)
	at com.ontotext.forest.impex.ImportRunnableTask.run(ImportRunnableTask.java:89)
	at java.base/java.util.concurrent.Executors$RunnableAdapter.call(Executors.java:515)
	at java.base/java.util.concurrent.FutureTask.run(FutureTask.java:264)
	at java.base/java.util.concurrent.ThreadPoolExecutor.runWorker(ThreadPoolExecutor.java:1128)
	at java.base/java.util.concurrent.ThreadPoolExecutor$Worker.run(ThreadPoolExecutor.java:628)
	at java.base/java.lang.Thread.run(Thread.java:829)
[ERROR] 2024-09-15 17:22:49,527 [import-task-forgont_endpoint-1 | o.e.r.r.h.ParseErrorLogger] [Rio fatal] Expected '}', found 'k' (1611, -1)
[ERROR] 2024-09-15 17:22:49,537 [import-task-forgont_endpoint-1 | c.o.f.i.FileImportRunnableTask] RDF Parse Error 
org.eclipse.rdf4j.rio.RDFParseException: Expected '}', found 'k' [line 1611]
	at org.eclipse.rdf4j.rio.helpers.RDFParserHelper.reportFatalError(RDFParserHelper.java:347)
	at org.eclipse.rdf4j.rio.helpers.AbstractRDFParser.reportFatalError(AbstractRDFParser.java:682)
	at org.eclipse.rdf4j.rio.turtle.TurtleParser.reportFatalError(TurtleParser.java:1308)
	at org.eclipse.rdf4j.rio.turtle.TurtleParser.verifyCharacterOrFail(TurtleParser.java:1153)
	at org.eclipse.rdf4j.rio.trig.TriGParser.parseSett(TriGParser.java:420)
	at org.eclipse.rdf4j.rio.trig.TriGParser.parseStatement(TriGParser.java:171)
	at org.eclipse.rdf4j.rio.turtle.TurtleParser.parse(TurtleParser.java:164)
	at org.eclipse.rdf4j.rio.turtle.TurtleParser.parse(TurtleParser.java:127)
	at org.eclipse.rdf4j.repository.util.RDFLoader.loadInputStreamOrReader(RDFLoader.java:302)
	at org.eclipse.rdf4j.repository.util.RDFLoader.load(RDFLoader.java:229)
	at org.eclipse.rdf4j.repository.base.AbstractRepositoryConnection.add(AbstractRepositoryConnection.java:285)
	at com.ontotext.trree.monitorRepository.MonitorRepositoryConnection.add(MonitorRepositoryConnection.java:219)
	at com.ontotext.trree.parallel.InterruptableConnectionWrapper.add(InterruptableConnectionWrapper.java:121)
	at com.ontotext.trree.parallel.InterruptableConnectionWrapper.add(InterruptableConnectionWrapper.java:50)
	at com.ontotext.forest.impex.ParallelAwareImporter.lambda$add$5(ParallelAwareImporter.java:122)
	at com.ontotext.forest.impex.ParallelAwareImporter.wrapInBeginCommit(ParallelAwareImporter.java:143)
	at com.ontotext.forest.impex.ParallelAwareImporter.add(ParallelAwareImporter.java:104)
	at com.ontotext.forest.impex.FileImportRunnableTask.load(FileImportRunnableTask.java:43)
	at com.ontotext.forest.impex.ImportRunnableTask.run(ImportRunnableTask.java:89)
	at java.base/java.util.concurrent.Executors$RunnableAdapter.call(Executors.java:515)
	at java.base/java.util.concurrent.FutureTask.run(FutureTask.java:264)
	at java.base/java.util.concurrent.ThreadPoolExecutor.runWorker(ThreadPoolExecutor.java:1128)
	at java.base/java.util.concurrent.ThreadPoolExecutor$Worker.run(ThreadPoolExecutor.java:628)
	at java.base/java.lang.Thread.run(Thread.java:829)
[ERROR] 2024-09-15 17:31:05,798 [import-task-forgont_endpoint-1 | o.e.r.r.h.ParseErrorLogger] [Rio fatal] Expected ':', found ' ' (1767, -1)
[ERROR] 2024-09-15 17:31:05,798 [import-task-forgont_endpoint-1 | c.o.f.i.FileImportRunnableTask] RDF Parse Error 
org.eclipse.rdf4j.rio.RDFParseException: Expected ':', found ' ' [line 1767]
	at org.eclipse.rdf4j.rio.helpers.RDFParserHelper.reportFatalError(RDFParserHelper.java:347)
	at org.eclipse.rdf4j.rio.helpers.AbstractRDFParser.reportFatalError(AbstractRDFParser.java:682)
	at org.eclipse.rdf4j.rio.turtle.TurtleParser.reportFatalError(TurtleParser.java:1308)
	at org.eclipse.rdf4j.rio.turtle.TurtleParser.verifyCharacterOrFail(TurtleParser.java:1153)
	at org.eclipse.rdf4j.rio.trig.TriGParser.parseQNameOrBoolean(TriGParser.java:649)
	at org.eclipse.rdf4j.rio.turtle.TurtleParser.parseValue(TurtleParser.java:573)
	at org.eclipse.rdf4j.rio.turtle.TurtleParser.parseSubject(TurtleParser.java:397)
	at org.eclipse.rdf4j.rio.trig.TriGParser.parseTriples(TriGParser.java:478)
	at org.eclipse.rdf4j.rio.trig.TriGParser.parseSett(TriGParser.java:415)
	at org.eclipse.rdf4j.rio.trig.TriGParser.parseStatement(TriGParser.java:171)
	at org.eclipse.rdf4j.rio.turtle.TurtleParser.parse(TurtleParser.java:164)
	at org.eclipse.rdf4j.rio.turtle.TurtleParser.parse(TurtleParser.java:127)
	at org.eclipse.rdf4j.repository.util.RDFLoader.loadInputStreamOrReader(RDFLoader.java:302)
	at org.eclipse.rdf4j.repository.util.RDFLoader.load(RDFLoader.java:229)
	at org.eclipse.rdf4j.repository.base.AbstractRepositoryConnection.add(AbstractRepositoryConnection.java:285)
	at com.ontotext.trree.monitorRepository.MonitorRepositoryConnection.add(MonitorRepositoryConnection.java:219)
	at com.ontotext.trree.parallel.InterruptableConnectionWrapper.add(InterruptableConnectionWrapper.java:121)
	at com.ontotext.trree.parallel.InterruptableConnectionWrapper.add(InterruptableConnectionWrapper.java:50)
	at com.ontotext.forest.impex.ParallelAwareImporter.lambda$add$5(ParallelAwareImporter.java:122)
	at com.ontotext.forest.impex.ParallelAwareImporter.wrapInBeginCommit(ParallelAwareImporter.java:143)
	at com.ontotext.forest.impex.ParallelAwareImporter.add(ParallelAwareImporter.java:104)
	at com.ontotext.forest.impex.FileImportRunnableTask.load(FileImportRunnableTask.java:43)
	at com.ontotext.forest.impex.ImportRunnableTask.run(ImportRunnableTask.java:89)
	at java.base/java.util.concurrent.Executors$RunnableAdapter.call(Executors.java:515)
	at java.base/java.util.concurrent.FutureTask.run(FutureTask.java:264)
	at java.base/java.util.concurrent.ThreadPoolExecutor.runWorker(ThreadPoolExecutor.java:1128)
	at java.base/java.util.concurrent.ThreadPoolExecutor$Worker.run(ThreadPoolExecutor.java:628)
	at java.base/java.lang.Thread.run(Thread.java:829)
[ERROR] 2024-09-15 17:31:41,451 [import-task-forgont_endpoint-1 | o.e.r.r.h.ParseErrorLogger] [Rio fatal] Expected ':', found ' ' (1901, -1)
[ERROR] 2024-09-15 17:31:41,454 [import-task-forgont_endpoint-1 | c.o.f.i.FileImportRunnableTask] RDF Parse Error 
org.eclipse.rdf4j.rio.RDFParseException: Expected ':', found ' ' [line 1901]
	at org.eclipse.rdf4j.rio.helpers.RDFParserHelper.reportFatalError(RDFParserHelper.java:347)
	at org.eclipse.rdf4j.rio.helpers.AbstractRDFParser.reportFatalError(AbstractRDFParser.java:682)
	at org.eclipse.rdf4j.rio.turtle.TurtleParser.reportFatalError(TurtleParser.java:1308)
	at org.eclipse.rdf4j.rio.turtle.TurtleParser.verifyCharacterOrFail(TurtleParser.java:1153)
	at org.eclipse.rdf4j.rio.trig.TriGParser.parseQNameOrBoolean(TriGParser.java:649)
	at org.eclipse.rdf4j.rio.turtle.TurtleParser.parseValue(TurtleParser.java:573)
	at org.eclipse.rdf4j.rio.turtle.TurtleParser.parseObject(TurtleParser.java:452)
	at org.eclipse.rdf4j.rio.turtle.TurtleParser.parseObjectList(TurtleParser.java:374)
	at org.eclipse.rdf4j.rio.turtle.TurtleParser.parsePredicateObjectList(TurtleParser.java:369)
	at org.eclipse.rdf4j.rio.trig.TriGParser.parseTriples(TriGParser.java:480)
	at org.eclipse.rdf4j.rio.trig.TriGParser.parseSett(TriGParser.java:402)
	at org.eclipse.rdf4j.rio.trig.TriGParser.parseStatement(TriGParser.java:171)
	at org.eclipse.rdf4j.rio.turtle.TurtleParser.parse(TurtleParser.java:164)
	at org.eclipse.rdf4j.rio.turtle.TurtleParser.parse(TurtleParser.java:127)
	at org.eclipse.rdf4j.repository.util.RDFLoader.loadInputStreamOrReader(RDFLoader.java:302)
	at org.eclipse.rdf4j.repository.util.RDFLoader.load(RDFLoader.java:229)
	at org.eclipse.rdf4j.repository.base.AbstractRepositoryConnection.add(AbstractRepositoryConnection.java:285)
	at com.ontotext.trree.monitorRepository.MonitorRepositoryConnection.add(MonitorRepositoryConnection.java:219)
	at com.ontotext.trree.parallel.InterruptableConnectionWrapper.add(InterruptableConnectionWrapper.java:121)
	at com.ontotext.trree.parallel.InterruptableConnectionWrapper.add(InterruptableConnectionWrapper.java:50)
	at com.ontotext.forest.impex.ParallelAwareImporter.lambda$add$5(ParallelAwareImporter.java:122)
	at com.ontotext.forest.impex.ParallelAwareImporter.wrapInBeginCommit(ParallelAwareImporter.java:143)
	at com.ontotext.forest.impex.ParallelAwareImporter.add(ParallelAwareImporter.java:104)
	at com.ontotext.forest.impex.FileImportRunnableTask.load(FileImportRunnableTask.java:43)
	at com.ontotext.forest.impex.ImportRunnableTask.run(ImportRunnableTask.java:89)
	at java.base/java.util.concurrent.Executors$RunnableAdapter.call(Executors.java:515)
	at java.base/java.util.concurrent.FutureTask.run(FutureTask.java:264)
	at java.base/java.util.concurrent.ThreadPoolExecutor.runWorker(ThreadPoolExecutor.java:1128)
	at java.base/java.util.concurrent.ThreadPoolExecutor$Worker.run(ThreadPoolExecutor.java:628)
	at java.base/java.lang.Thread.run(Thread.java:829)
[ERROR] 2024-09-15 17:32:03,705 [import-task-forgont_endpoint-1 | o.e.r.r.h.ParseErrorLogger] [Rio fatal] Expected ':', found ' ' (1918, -1)
[ERROR] 2024-09-15 17:32:03,705 [import-task-forgont_endpoint-1 | c.o.f.i.FileImportRunnableTask] RDF Parse Error 
org.eclipse.rdf4j.rio.RDFParseException: Expected ':', found ' ' [line 1918]
	at org.eclipse.rdf4j.rio.helpers.RDFParserHelper.reportFatalError(RDFParserHelper.java:347)
	at org.eclipse.rdf4j.rio.helpers.AbstractRDFParser.reportFatalError(AbstractRDFParser.java:682)
	at org.eclipse.rdf4j.rio.turtle.TurtleParser.reportFatalError(TurtleParser.java:1308)
	at org.eclipse.rdf4j.rio.turtle.TurtleParser.verifyCharacterOrFail(TurtleParser.java:1153)
	at org.eclipse.rdf4j.rio.trig.TriGParser.parseQNameOrBoolean(TriGParser.java:649)
	at org.eclipse.rdf4j.rio.turtle.TurtleParser.parseValue(TurtleParser.java:573)
	at org.eclipse.rdf4j.rio.turtle.TurtleParser.parseObject(TurtleParser.java:452)
	at org.eclipse.rdf4j.rio.turtle.TurtleParser.parseObjectList(TurtleParser.java:374)
	at org.eclipse.rdf4j.rio.turtle.TurtleParser.parsePredicateObjectList(TurtleParser.java:369)
	at org.eclipse.rdf4j.rio.trig.TriGParser.parseTriples(TriGParser.java:480)
	at org.eclipse.rdf4j.rio.trig.TriGParser.parseSett(TriGParser.java:402)
	at org.eclipse.rdf4j.rio.trig.TriGParser.parseStatement(TriGParser.java:171)
	at org.eclipse.rdf4j.rio.turtle.TurtleParser.parse(TurtleParser.java:164)
	at org.eclipse.rdf4j.rio.turtle.TurtleParser.parse(TurtleParser.java:127)
	at org.eclipse.rdf4j.repository.util.RDFLoader.loadInputStreamOrReader(RDFLoader.java:302)
	at org.eclipse.rdf4j.repository.util.RDFLoader.load(RDFLoader.java:229)
	at org.eclipse.rdf4j.repository.base.AbstractRepositoryConnection.add(AbstractRepositoryConnection.java:285)
	at com.ontotext.trree.monitorRepository.MonitorRepositoryConnection.add(MonitorRepositoryConnection.java:219)
	at com.ontotext.trree.parallel.InterruptableConnectionWrapper.add(InterruptableConnectionWrapper.java:121)
	at com.ontotext.trree.parallel.InterruptableConnectionWrapper.add(InterruptableConnectionWrapper.java:50)
	at com.ontotext.forest.impex.ParallelAwareImporter.lambda$add$5(ParallelAwareImporter.java:122)
	at com.ontotext.forest.impex.ParallelAwareImporter.wrapInBeginCommit(ParallelAwareImporter.java:143)
	at com.ontotext.forest.impex.ParallelAwareImporter.add(ParallelAwareImporter.java:104)
	at com.ontotext.forest.impex.FileImportRunnableTask.load(FileImportRunnableTask.java:43)
	at com.ontotext.forest.impex.ImportRunnableTask.run(ImportRunnableTask.java:89)
	at java.base/java.util.concurrent.Executors$RunnableAdapter.call(Executors.java:515)
	at java.base/java.util.concurrent.FutureTask.run(FutureTask.java:264)
	at java.base/java.util.concurrent.ThreadPoolExecutor.runWorker(ThreadPoolExecutor.java:1128)
	at java.base/java.util.concurrent.ThreadPoolExecutor$Worker.run(ThreadPoolExecutor.java:628)
	at java.base/java.lang.Thread.run(Thread.java:829)
