[ERROR] 2024-10-15 12:57:24,487 [import-task-forgont_endpoint-1 | o.e.r.r.h.ParseErrorLogger] [Rio fatal] Expected ':', found ' ' (153, -1)
[ERROR] 2024-10-15 12:57:24,495 [import-task-forgont_endpoint-1 | c.o.f.i.FileImportRunnableTask] RDF Parse Error 
org.eclipse.rdf4j.rio.RDFParseException: Expected ':', found ' ' [line 153]
	at org.eclipse.rdf4j.rio.helpers.RDFParserHelper.reportFatalError(RDFParserHelper.java:347)
	at org.eclipse.rdf4j.rio.helpers.AbstractRDFParser.reportFatalError(AbstractRDFParser.java:682)
	at org.eclipse.rdf4j.rio.turtle.TurtleParser.reportFatalError(TurtleParser.java:1308)
	at org.eclipse.rdf4j.rio.turtle.TurtleParser.verifyCharacterOrFail(TurtleParser.java:1153)
	at org.eclipse.rdf4j.rio.turtle.TurtleParser.parseQNameOrBoolean(TurtleParser.java:1001)
	at org.eclipse.rdf4j.rio.turtle.TurtleParser.parseValue(TurtleParser.java:573)
	at org.eclipse.rdf4j.rio.turtle.TurtleParser.parseSubject(TurtleParser.java:397)
	at org.eclipse.rdf4j.rio.turtle.TurtleParser.parseTriples(TurtleParser.java:332)
	at org.eclipse.rdf4j.rio.turtle.TurtleParser.parseStatement(TurtleParser.java:202)
	at org.eclipse.rdf4j.rio.turtle.TurtleParser.parse(TurtleParser.java:164)
	at org.eclipse.rdf4j.rio.turtle.TurtleParser.parse(TurtleParser.java:127)
	at org.eclipse.rdf4j.repository.util.RDFLoader.loadInputStreamOrReader(RDFLoader.java:302)
	at org.eclipse.rdf4j.repository.util.RDFLoader.load(RDFLoader.java:229)
	at org.eclipse.rdf4j.repository.base.AbstractRepositoryConnection.add(AbstractRepositoryConnection.java:285)
	at com.ontotext.trree.monitorRepository.MonitorRepositoryConnection.add(MonitorRepositoryConnection.java:219)
	at com.ontotext.trree.parallel.InterruptableConnectionWrapper.add(InterruptableConnectionWrapper.java:121)
	at com.ontotext.trree.parallel.InterruptableConnectionWrapper.add(InterruptableConnectionWrapper.java:50)
	at com.ontotext.forest.impex.ParallelAwareImporter.lambda$add$5(ParallelAwareImporter.java:122)
	at com.ontotext.forest.impex.ParallelAwareImporter.wrapInBeginCommit(ParallelAwareImporter.java:143)
	at com.ontotext.forest.impex.ParallelAwareImporter.add(ParallelAwareImporter.java:104)
	at com.ontotext.forest.impex.FileImportRunnableTask.load(FileImportRunnableTask.java:43)
	at com.ontotext.forest.impex.ImportRunnableTask.run(ImportRunnableTask.java:89)
	at java.base/java.util.concurrent.Executors$RunnableAdapter.call(Executors.java:515)
	at java.base/java.util.concurrent.FutureTask.run(FutureTask.java:264)
	at java.base/java.util.concurrent.ThreadPoolExecutor.runWorker(ThreadPoolExecutor.java:1128)
	at java.base/java.util.concurrent.ThreadPoolExecutor$Worker.run(ThreadPoolExecutor.java:628)
	at java.base/java.lang.Thread.run(Thread.java:829)
[ERROR] 2024-10-15 12:57:46,501 [import-task-forgont_endpoint-1 | o.e.r.r.h.ParseErrorLogger] [Rio fatal] Expected ':', found ' ' (153, -1)
[ERROR] 2024-10-15 12:57:46,503 [import-task-forgont_endpoint-1 | c.o.f.i.FileImportRunnableTask] RDF Parse Error 
org.eclipse.rdf4j.rio.RDFParseException: Expected ':', found ' ' [line 153]
	at org.eclipse.rdf4j.rio.helpers.RDFParserHelper.reportFatalError(RDFParserHelper.java:347)
	at org.eclipse.rdf4j.rio.helpers.AbstractRDFParser.reportFatalError(AbstractRDFParser.java:682)
	at org.eclipse.rdf4j.rio.turtle.TurtleParser.reportFatalError(TurtleParser.java:1308)
	at org.eclipse.rdf4j.rio.turtle.TurtleParser.verifyCharacterOrFail(TurtleParser.java:1153)
	at org.eclipse.rdf4j.rio.turtle.TurtleParser.parseQNameOrBoolean(TurtleParser.java:1001)
	at org.eclipse.rdf4j.rio.turtle.TurtleParser.parseValue(TurtleParser.java:573)
	at org.eclipse.rdf4j.rio.turtle.TurtleParser.parseSubject(TurtleParser.java:397)
	at org.eclipse.rdf4j.rio.turtle.TurtleParser.parseTriples(TurtleParser.java:332)
	at org.eclipse.rdf4j.rio.turtle.TurtleParser.parseStatement(TurtleParser.java:202)
	at org.eclipse.rdf4j.rio.turtle.TurtleParser.parse(TurtleParser.java:164)
	at org.eclipse.rdf4j.rio.turtle.TurtleParser.parse(TurtleParser.java:127)
	at org.eclipse.rdf4j.repository.util.RDFLoader.loadInputStreamOrReader(RDFLoader.java:302)
	at org.eclipse.rdf4j.repository.util.RDFLoader.load(RDFLoader.java:229)
	at org.eclipse.rdf4j.repository.base.AbstractRepositoryConnection.add(AbstractRepositoryConnection.java:285)
	at com.ontotext.trree.monitorRepository.MonitorRepositoryConnection.add(MonitorRepositoryConnection.java:219)
	at com.ontotext.trree.parallel.InterruptableConnectionWrapper.add(InterruptableConnectionWrapper.java:121)
	at com.ontotext.trree.parallel.InterruptableConnectionWrapper.add(InterruptableConnectionWrapper.java:50)
	at com.ontotext.forest.impex.ParallelAwareImporter.lambda$add$5(ParallelAwareImporter.java:122)
	at com.ontotext.forest.impex.ParallelAwareImporter.wrapInBeginCommit(ParallelAwareImporter.java:143)
	at com.ontotext.forest.impex.ParallelAwareImporter.add(ParallelAwareImporter.java:104)
	at com.ontotext.forest.impex.FileImportRunnableTask.load(FileImportRunnableTask.java:43)
	at com.ontotext.forest.impex.ImportRunnableTask.run(ImportRunnableTask.java:89)
	at java.base/java.util.concurrent.Executors$RunnableAdapter.call(Executors.java:515)
	at java.base/java.util.concurrent.FutureTask.run(FutureTask.java:264)
	at java.base/java.util.concurrent.ThreadPoolExecutor.runWorker(ThreadPoolExecutor.java:1128)
	at java.base/java.util.concurrent.ThreadPoolExecutor$Worker.run(ThreadPoolExecutor.java:628)
	at java.base/java.lang.Thread.run(Thread.java:829)
[ERROR] 2024-10-15 12:59:44,456 [import-task-forgont_endpoint-1 | o.e.r.r.h.ParseErrorLogger] [Rio fatal] Expected ':', found ' ' (153, -1)
[ERROR] 2024-10-15 12:59:44,457 [import-task-forgont_endpoint-1 | c.o.f.i.FileImportRunnableTask] RDF Parse Error 
org.eclipse.rdf4j.rio.RDFParseException: Expected ':', found ' ' [line 153]
	at org.eclipse.rdf4j.rio.helpers.RDFParserHelper.reportFatalError(RDFParserHelper.java:347)
	at org.eclipse.rdf4j.rio.helpers.AbstractRDFParser.reportFatalError(AbstractRDFParser.java:682)
	at org.eclipse.rdf4j.rio.turtle.TurtleParser.reportFatalError(TurtleParser.java:1308)
	at org.eclipse.rdf4j.rio.turtle.TurtleParser.verifyCharacterOrFail(TurtleParser.java:1153)
	at org.eclipse.rdf4j.rio.turtle.TurtleParser.parseQNameOrBoolean(TurtleParser.java:1001)
	at org.eclipse.rdf4j.rio.turtle.TurtleParser.parseValue(TurtleParser.java:573)
	at org.eclipse.rdf4j.rio.turtle.TurtleParser.parseSubject(TurtleParser.java:397)
	at org.eclipse.rdf4j.rio.turtle.TurtleParser.parseTriples(TurtleParser.java:332)
	at org.eclipse.rdf4j.rio.turtle.TurtleParser.parseStatement(TurtleParser.java:202)
	at org.eclipse.rdf4j.rio.turtle.TurtleParser.parse(TurtleParser.java:164)
	at org.eclipse.rdf4j.rio.turtle.TurtleParser.parse(TurtleParser.java:127)
	at org.eclipse.rdf4j.repository.util.RDFLoader.loadInputStreamOrReader(RDFLoader.java:302)
	at org.eclipse.rdf4j.repository.util.RDFLoader.load(RDFLoader.java:229)
	at org.eclipse.rdf4j.repository.base.AbstractRepositoryConnection.add(AbstractRepositoryConnection.java:285)
	at com.ontotext.trree.monitorRepository.MonitorRepositoryConnection.add(MonitorRepositoryConnection.java:219)
	at com.ontotext.trree.parallel.InterruptableConnectionWrapper.add(InterruptableConnectionWrapper.java:121)
	at com.ontotext.trree.parallel.InterruptableConnectionWrapper.add(InterruptableConnectionWrapper.java:50)
	at com.ontotext.forest.impex.ParallelAwareImporter.lambda$add$5(ParallelAwareImporter.java:122)
	at com.ontotext.forest.impex.ParallelAwareImporter.wrapInBeginCommit(ParallelAwareImporter.java:143)
	at com.ontotext.forest.impex.ParallelAwareImporter.add(ParallelAwareImporter.java:104)
	at com.ontotext.forest.impex.FileImportRunnableTask.load(FileImportRunnableTask.java:43)
	at com.ontotext.forest.impex.ImportRunnableTask.run(ImportRunnableTask.java:89)
	at java.base/java.util.concurrent.Executors$RunnableAdapter.call(Executors.java:515)
	at java.base/java.util.concurrent.FutureTask.run(FutureTask.java:264)
	at java.base/java.util.concurrent.ThreadPoolExecutor.runWorker(ThreadPoolExecutor.java:1128)
	at java.base/java.util.concurrent.ThreadPoolExecutor$Worker.run(ThreadPoolExecutor.java:628)
	at java.base/java.lang.Thread.run(Thread.java:829)
[ERROR] 2024-10-15 13:01:53,298 [import-task-forgont_endpoint-1 | o.e.r.r.h.ParseErrorLogger] [Rio fatal] Expected ':', found ' ' (179, -1)
[ERROR] 2024-10-15 13:01:53,298 [import-task-forgont_endpoint-1 | c.o.f.i.FileImportRunnableTask] RDF Parse Error 
org.eclipse.rdf4j.rio.RDFParseException: Expected ':', found ' ' [line 179]
	at org.eclipse.rdf4j.rio.helpers.RDFParserHelper.reportFatalError(RDFParserHelper.java:347)
	at org.eclipse.rdf4j.rio.helpers.AbstractRDFParser.reportFatalError(AbstractRDFParser.java:682)
	at org.eclipse.rdf4j.rio.turtle.TurtleParser.reportFatalError(TurtleParser.java:1308)
	at org.eclipse.rdf4j.rio.turtle.TurtleParser.verifyCharacterOrFail(TurtleParser.java:1153)
	at org.eclipse.rdf4j.rio.turtle.TurtleParser.parseQNameOrBoolean(TurtleParser.java:1001)
	at org.eclipse.rdf4j.rio.turtle.TurtleParser.parseValue(TurtleParser.java:573)
	at org.eclipse.rdf4j.rio.turtle.TurtleParser.parseSubject(TurtleParser.java:397)
	at org.eclipse.rdf4j.rio.turtle.TurtleParser.parseTriples(TurtleParser.java:332)
	at org.eclipse.rdf4j.rio.turtle.TurtleParser.parseStatement(TurtleParser.java:202)
	at org.eclipse.rdf4j.rio.turtle.TurtleParser.parse(TurtleParser.java:164)
	at org.eclipse.rdf4j.rio.turtle.TurtleParser.parse(TurtleParser.java:127)
	at org.eclipse.rdf4j.repository.util.RDFLoader.loadInputStreamOrReader(RDFLoader.java:302)
	at org.eclipse.rdf4j.repository.util.RDFLoader.load(RDFLoader.java:229)
	at org.eclipse.rdf4j.repository.base.AbstractRepositoryConnection.add(AbstractRepositoryConnection.java:285)
	at com.ontotext.trree.monitorRepository.MonitorRepositoryConnection.add(MonitorRepositoryConnection.java:219)
	at com.ontotext.trree.parallel.InterruptableConnectionWrapper.add(InterruptableConnectionWrapper.java:121)
	at com.ontotext.trree.parallel.InterruptableConnectionWrapper.add(InterruptableConnectionWrapper.java:50)
	at com.ontotext.forest.impex.ParallelAwareImporter.lambda$add$5(ParallelAwareImporter.java:122)
	at com.ontotext.forest.impex.ParallelAwareImporter.wrapInBeginCommit(ParallelAwareImporter.java:143)
	at com.ontotext.forest.impex.ParallelAwareImporter.add(ParallelAwareImporter.java:104)
	at com.ontotext.forest.impex.FileImportRunnableTask.load(FileImportRunnableTask.java:43)
	at com.ontotext.forest.impex.ImportRunnableTask.run(ImportRunnableTask.java:89)
	at java.base/java.util.concurrent.Executors$RunnableAdapter.call(Executors.java:515)
	at java.base/java.util.concurrent.FutureTask.run(FutureTask.java:264)
	at java.base/java.util.concurrent.ThreadPoolExecutor.runWorker(ThreadPoolExecutor.java:1128)
	at java.base/java.util.concurrent.ThreadPoolExecutor$Worker.run(ThreadPoolExecutor.java:628)
	at java.base/java.lang.Thread.run(Thread.java:829)
