[ERROR] 2024-09-25 17:54:17,244 [import-task-reasoner-1 | o.e.r.r.h.ParseErrorLogger] [Rio fatal] Default namespace used but not defined (1063, -1)
[ERROR] 2024-09-25 17:54:17,249 [import-task-reasoner-1 | c.o.f.i.FileImportRunnableTask] RDF Parse Error 
org.eclipse.rdf4j.rio.RDFParseException: Default namespace used but not defined [line 1063]
	at org.eclipse.rdf4j.rio.helpers.RDFParserHelper.reportFatalError(RDFParserHelper.java:347)
	at org.eclipse.rdf4j.rio.helpers.AbstractRDFParser.reportFatalError(AbstractRDFParser.java:682)
	at org.eclipse.rdf4j.rio.turtle.TurtleParser.reportFatalError(TurtleParser.java:1308)
	at org.eclipse.rdf4j.rio.helpers.AbstractRDFParser.getNamespace(AbstractRDFParser.java:280)
	at org.eclipse.rdf4j.rio.trig.TriGParser.parseQNameOrBoolean(TriGParser.java:732)
	at org.eclipse.rdf4j.rio.turtle.TurtleParser.parseValue(TurtleParser.java:573)
	at org.eclipse.rdf4j.rio.turtle.TurtleParser.parseObject(TurtleParser.java:452)
	at org.eclipse.rdf4j.rio.turtle.TurtleParser.parseObjectList(TurtleParser.java:374)
	at org.eclipse.rdf4j.rio.turtle.TurtleParser.parsePredicateObjectList(TurtleParser.java:347)
	at org.eclipse.rdf4j.rio.trig.TriGParser.parseTriples(TriGParser.java:480)
	at org.eclipse.rdf4j.rio.trig.TriGParser.parseSett(TriGParser.java:415)
	at org.eclipse.rdf4j.rio.trig.TriGParser.parseStatement(TriGParser.java:171)
	at org.eclipse.rdf4j.rio.turtle.TurtleParser.parse(TurtleParser.java:164)
	at org.eclipse.rdf4j.rio.turtle.TurtleParser.parse(TurtleParser.java:127)
	at org.eclipse.rdf4j.repository.util.RDFLoader.loadInputStreamOrReader(RDFLoader.java:302)
	at org.eclipse.rdf4j.repository.util.RDFLoader.load(RDFLoader.java:229)
	at org.eclipse.rdf4j.repository.base.AbstractRepositoryConnection.add(AbstractRepositoryConnection.java:285)
	at com.ontotext.trree.monitorRepository.MonitorRepositoryConnection.add(MonitorRepositoryConnection.java:219)
	at com.ontotext.trree.parallel.InterruptableConnectionWrapper.add(InterruptableConnectionWrapper.java:121)
	at com.ontotext.trree.parallel.InterruptableConnectionWrapper.add(InterruptableConnectionWrapper.java:50)
	at com.ontotext.forest.impex.ParallelAwareImporter.lambda$add$5(ParallelAwareImporter.java:122)
	at com.ontotext.forest.impex.ParallelAwareImporter.wrapInBeginCommit(ParallelAwareImporter.java:143)
	at com.ontotext.forest.impex.ParallelAwareImporter.add(ParallelAwareImporter.java:104)
	at com.ontotext.forest.impex.FileImportRunnableTask.load(FileImportRunnableTask.java:43)
	at com.ontotext.forest.impex.ImportRunnableTask.run(ImportRunnableTask.java:89)
	at java.base/java.util.concurrent.Executors$RunnableAdapter.call(Executors.java:515)
	at java.base/java.util.concurrent.FutureTask.run(FutureTask.java:264)
	at java.base/java.util.concurrent.ThreadPoolExecutor.runWorker(ThreadPoolExecutor.java:1128)
	at java.base/java.util.concurrent.ThreadPoolExecutor$Worker.run(ThreadPoolExecutor.java:628)
	at java.base/java.lang.Thread.run(Thread.java:829)
