[INFO ] 2024-09-25 17:51:02,094 [main | c.o.g.Config] Using 'file:/C:/Users/valep/Documents/GitHub/prova/app/graphDB/graphdb-10.3.2/conf/logback.xml' as logback's configuration file
[INFO ] 2024-09-25 17:51:02,442 [main | c.o.g.s.GraphDB] Starting GraphDB in workbench mode.
[INFO ] 2024-09-25 17:51:14,782 [main | c.o.g.Config] GraphDB Home directory: C:\Users\valep\Documents\GitHub\prova\app\graphDB\graphdb-10.3.2
[INFO ] 2024-09-25 17:51:14,782 [main | c.o.g.Config] GraphDB Config directory: C:\Users\valep\Documents\GitHub\prova\app\graphDB\graphdb-10.3.2\conf
[INFO ] 2024-09-25 17:51:14,782 [main | c.o.g.Config] GraphDB Data directory: C:\Users\valep\Documents\GitHub\prova\app\graphDB\graphdb-10.3.2\data
[INFO ] 2024-09-25 17:51:14,791 [main | c.o.g.Config] GraphDB Work directory: C:\Users\valep\Documents\GitHub\prova\app\graphDB\graphdb-10.3.2\work
[INFO ] 2024-09-25 17:51:14,791 [main | c.o.g.Config] GraphDB Logs directory: C:\Users\valep\Documents\GitHub\prova\app\graphDB\graphdb-10.3.2\logs
[INFO ] 2024-09-25 17:51:16,762 [main | c.o.g.r.s.SecurityUtil] Cluster gRPC server security is disabled
[INFO ] 2024-09-25 17:51:18,119 [main | c.o.f.c.s.r.GraphDBRpcServer] Started gRPC server on port 7300 successfully
[WARN ] 2024-09-25 17:51:19,909 [main | o.e.r.s.h.DirectoryLockManager] Removing invalid lock 12196@BOOK-L3J56CHT5G
[WARN ] 2024-09-25 17:51:26,425 [main | o.a.c.u.SessionIdGeneratorBase] Creation of SecureRandom instance for session ID generation using [SHA1PRNG] took [645] milliseconds.
[INFO ] 2024-09-25 17:51:27,181 [main | c.o.g.s.GraphDB] Started GraphDB in workbench mode at port 7200.
[INFO ] 2024-09-25 17:51:30,483 [repository-manager-0 | c.o.t.OwlimSchemaRepository] Version: 10.3, revision: 2089190103
[INFO ] 2024-09-25 17:51:30,491 [repository-manager-0 | c.o.t.OwlimSchemaRepository] Build date: Fri Sep 01 15:00:09 CEST 2023
[INFO ] 2024-09-25 17:51:30,500 [repository-manager-0 | c.o.t.OwlimSchemaRepository] Started repository forgont_endpoint in READ/WRITE mode.
[INFO ] 2024-09-25 17:51:30,515 [repository-manager-0 | c.o.c.AbstractParameter] Configured parameter 'partialRDFS' to default value 'false'
[INFO ] 2024-09-25 17:51:30,523 [repository-manager-0 | c.o.c.AbstractParameter] Configured parameter 'transaction-isolation' to default value 'true'
[INFO ] 2024-09-25 17:51:30,523 [repository-manager-0 | c.o.c.AbstractParameter] Configured parameter 'checkForValidPropertiesAndClasses' to default value 'false'
[INFO ] 2024-09-25 17:51:30,524 [repository-manager-0 | c.o.c.AbstractParameter] Configured parameter 'transaction-mode' to default value 'safe'
[INFO ] 2024-09-25 17:51:30,524 [repository-manager-0 | c.o.c.AbstractParameter] Configured parameter 'entity-pool-implementation' to default value 'transactional'
[INFO ] 2024-09-25 17:51:30,524 [repository-manager-0 | c.o.c.AbstractParameter] Configured parameter 'useShutdownHooks' to default value 'true'
[INFO ] 2024-09-25 17:51:30,541 [repository-manager-0 | c.o.GraphDBConfigParameters] Cache pages for tuples: 7829
[INFO ] 2024-09-25 17:51:30,541 [repository-manager-0 | c.o.GraphDBConfigParameters] Cache pages for predicates: 1118
[INFO ] 2024-09-25 17:51:30,541 [repository-manager-0 | c.o.c.AbstractParameter] Configured parameter 'graphdb.global.page.cache' to default value 'true'
[INFO ] 2024-09-25 17:51:30,591 [repository-manager-0 | c.o.t.OwlimSchemaRepository] Detected unclean shutdown
[INFO ] 2024-09-25 17:51:30,599 [repository-manager-0 | c.o.t.OwlimSchemaRepository] Removing old inference file C:\Users\valep\Documents\GitHub\prova\app\graphDB\graphdb-10.3.2\data\repositories\forgont_endpoint\storage\stack-5cd6d929 and freeing 0 bytes
[INFO ] 2024-09-25 17:51:30,607 [repository-manager-0 | c.o.t.OwlimSchemaRepository] Removing old inference file C:\Users\valep\Documents\GitHub\prova\app\graphDB\graphdb-10.3.2\data\repositories\forgont_endpoint\storage\stack-5cd6d929-del and freeing 0 bytes
[INFO ] 2024-09-25 17:51:30,607 [repository-manager-0 | c.o.t.OwlimSchemaRepository] Removing old inference file C:\Users\valep\Documents\GitHub\prova\app\graphDB\graphdb-10.3.2\data\repositories\forgont_endpoint\storage\stack-5cd6d929-del1 and freeing 0 bytes
[INFO ] 2024-09-25 17:51:30,607 [repository-manager-0 | c.o.t.OwlimSchemaRepository] Removing old inference file C:\Users\valep\Documents\GitHub\prova\app\graphDB\graphdb-10.3.2\data\repositories\forgont_endpoint\storage\stack-5cd6d929-del2 and freeing 0 bytes
[INFO ] 2024-09-25 17:51:30,607 [repository-manager-0 | c.o.t.OwlimSchemaRepository] Removing old inference file C:\Users\valep\Documents\GitHub\prova\app\graphDB\graphdb-10.3.2\data\repositories\forgont_endpoint\storage\stack-5cd6d929-expl-restore and freeing 0 bytes
[INFO ] 2024-09-25 17:51:30,615 [repository-manager-0 | c.o.c.AbstractParameter] Configured parameter 'graphdb.epool.onheap' to default value 'false'
[INFO ] 2024-09-25 17:51:30,615 [repository-manager-0 | c.o.c.AbstractParameter] Configured parameter 'graphdb.page.cache.size' to default value '1004.0M'
[INFO ] 2024-09-25 17:51:30,615 [repository-manager-0 | c.o.t.MemoryConfig] Configured global page cache size to 1004.0M
[INFO ] 2024-09-25 17:51:30,615 [repository-manager-0 | c.o.t.e.EntityPoolFactory] Using entity pool implementation: transactional-disk
[INFO ] 2024-09-25 17:51:30,615 [repository-manager-0 | c.o.c.AbstractParameter] Configured parameter 'epool.connection.cache.size' to default value '2000'
[INFO ] 2024-09-25 17:51:30,631 [repository-manager-0 | c.o.c.AbstractParameter] Configured parameter 'graphdb.epool.onheap' to default value 'false'
[INFO ] 2024-09-25 17:51:30,679 [repository-manager-0 | c.o.t.e.i.m.PersistedHashMap] Restoring entity hash table...
[INFO ] 2024-09-25 17:51:30,841 [repository-manager-0 | c.o.t.e.i.m.PersistedHashMap] Restored 12069 entities allocating 12.0 MB
[INFO ] 2024-09-25 17:51:30,852 [repository-manager-0 | c.o.t.e.i.m.PersistedHashMap] Done in 162 ms.
[INFO ] 2024-09-25 17:51:30,930 [repository-manager-0 | c.o.c.AbstractParameter] Configured parameter 'enable-pool-reversecache' to default value 'true'
[INFO ] 2024-09-25 17:51:30,954 [repository-manager-0 | c.o.c.AbstractParameter] Configured parameter 'allow-system-entities-as-data' to default value 'false'
[INFO ] 2024-09-25 17:51:30,954 [repository-manager-0 | c.o.t.u.l.LimitedObjectCacheFactory] Using LRU cache type: synch
[INFO ] 2024-09-25 17:51:30,979 [repository-manager-0 | c.o.c.AbstractParameter] Configured parameter 'cache-ratio-so-os-cso-cos' to default value '[50, 50, 50]'
[INFO ] 2024-09-25 17:51:31,036 [repository-manager-0 | c.o.c.AbstractParameter] Configured parameter 'graphdb.global.page.cache' to default value 'true'
[INFO ] 2024-09-25 17:51:31,036 [repository-manager-0 | c.o.c.AbstractParameter] Configured parameter 'graphdb.page.cache.size' to default value '1004.0M'
[INFO ] 2024-09-25 17:51:31,523 [repository-manager-0 | c.o.c.AbstractParameter] Configured parameter 'virtual.repository.mode' to default value 'false'
[WARN ] 2024-09-25 17:51:31,751 [repository-manager-0 | c.o.t.OwlimSchemaRepository] Rule list configuration present, it will override all other rule sets parameters!
[INFO ] 2024-09-25 17:51:31,807 [repository-manager-0 | c.o.c.AbstractParameter] Configured parameter 'epool.journal.buffer.size' to default value '1024'
[INFO ] 2024-09-25 17:51:31,832 [repository-manager-0 | c.o.c.AbstractParameter] Configured parameter 'enable-debug-rules' to default value 'false'
[INFO ] 2024-09-25 17:51:31,856 [repository-manager-0 | c.o.t.InferencerFactory] ruleSet=rdfs, partialRdfs=false
[INFO ] 2024-09-25 17:51:31,874 [repository-manager-0 | c.o.c.AbstractParameter] Configured parameter 'filter.obj.only.hint' to default value 'true'
[INFO ] 2024-09-25 17:51:32,013 [repository-manager-0 | c.o.c.AbstractParameter] Configured parameter 'check.pred.stats' to default value 'false'
[INFO ] 2024-09-25 17:51:32,063 [repository-manager-0 | c.o.c.AbstractParameter] Configured parameter 'disable-plugins' to default value '[]'
[INFO ] 2024-09-25 17:51:32,072 [repository-manager-0 | c.o.c.AbstractParameter] Configured parameter 'skip-default-plugins' to default value 'false'
[INFO ] 2024-09-25 17:51:32,077 [repository-manager-0 | c.o.t.OwlimSchemaRepository] Searching for plugins available in the classpath...
[INFO ] 2024-09-25 17:51:32,117 [repository-manager-0 | c.o.t.s.i.PluginManager] Registering plugin direct
[INFO ] 2024-09-25 17:51:32,125 [repository-manager-0 | c.o.t.s.i.PluginManager] Registering plugin notifications
[INFO ] 2024-09-25 17:51:32,125 [repository-manager-0 | c.o.t.s.i.PluginManager] Registering plugin expose-entity
[INFO ] 2024-09-25 17:51:32,130 [repository-manager-0 | c.o.t.s.i.PluginManager] Registering plugin literals-index
[INFO ] 2024-09-25 17:51:32,131 [repository-manager-0 | c.o.t.s.i.PluginManager] Registering plugin script
[INFO ] 2024-09-25 17:51:32,131 [repository-manager-0 | c.o.t.s.i.PluginManager] Registering plugin utils
[INFO ] 2024-09-25 17:51:32,131 [repository-manager-0 | c.o.t.s.i.PluginManager] Registering plugin plugincontrol
[INFO ] 2024-09-25 17:51:32,131 [repository-manager-0 | c.o.t.s.i.PluginManager] Registering plugin magic-predicates
[INFO ] 2024-09-25 17:51:32,131 [repository-manager-0 | c.o.t.s.i.PluginManager] Registering plugin sparql-template
[INFO ] 2024-09-25 17:51:32,132 [repository-manager-0 | c.o.c.AbstractParameter] Configured parameter 'register-plugins' to default value '[]'
[INFO ] 2024-09-25 17:51:32,139 [repository-manager-0 | c.o.GraphDBConfigParameters] Reading external plugins from C:\Users\valep\Documents\GitHub\prova\app\graphDB\graphdb-10.3.2\lib\plugins
[INFO ] 2024-09-25 17:51:32,142 [repository-manager-0 | c.o.c.AbstractParameter] Configured parameter 'register-external-plugins' to default value '[C:\Users\valep\Documents\GitHub\prova\app\graphDB\graphdb-10.3.2\lib\plugins]'
[INFO ] 2024-09-25 17:51:32,150 [repository-manager-0 | c.o.t.OwlimSchemaRepository] Registering external plugins...
[INFO ] 2024-09-25 17:51:32,161 [repository-manager-0 | c.o.t.OwlimSchemaRepository] Scanning C:\Users\valep\Documents\GitHub\prova\app\graphDB\graphdb-10.3.2\lib\plugins\autocomplete-plugin for plugins
[INFO ] 2024-09-25 17:51:32,191 [repository-manager-0 | c.o.t.s.i.PluginManager] Registering plugin autocomplete
[INFO ] 2024-09-25 17:51:32,191 [repository-manager-0 | c.o.t.OwlimSchemaRepository] Scanning C:\Users\valep\Documents\GitHub\prova\app\graphDB\graphdb-10.3.2\lib\plugins\change-tracking-plugin for plugins
[INFO ] 2024-09-25 17:51:32,191 [repository-manager-0 | c.o.t.s.i.PluginManager] Registering plugin change-tracking
[INFO ] 2024-09-25 17:51:32,191 [repository-manager-0 | c.o.t.OwlimSchemaRepository] Scanning C:\Users\valep\Documents\GitHub\prova\app\graphDB\graphdb-10.3.2\lib\plugins\dependencies-plugin for plugins
[INFO ] 2024-09-25 17:51:32,207 [repository-manager-0 | c.o.t.s.i.PluginManager] Registering plugin dependencies-plugin
[INFO ] 2024-09-25 17:51:32,207 [repository-manager-0 | c.o.t.OwlimSchemaRepository] Scanning C:\Users\valep\Documents\GitHub\prova\app\graphDB\graphdb-10.3.2\lib\plugins\elasticsearch-connector for plugins
[INFO ] 2024-09-25 17:51:32,313 [repository-manager-0 | c.o.t.s.i.PluginManager] Registering plugin elasticsearch-connector
[INFO ] 2024-09-25 17:51:32,315 [repository-manager-0 | c.o.t.OwlimSchemaRepository] Scanning C:\Users\valep\Documents\GitHub\prova\app\graphDB\graphdb-10.3.2\lib\plugins\entity-change-connector for plugins
[INFO ] 2024-09-25 17:51:32,369 [repository-manager-0 | c.o.t.s.i.PluginManager] Registering plugin entity-change
[INFO ] 2024-09-25 17:51:32,369 [repository-manager-0 | c.o.t.OwlimSchemaRepository] Scanning C:\Users\valep\Documents\GitHub\prova\app\graphDB\graphdb-10.3.2\lib\plugins\geosparql-plugin for plugins
[INFO ] 2024-09-25 17:51:32,538 [repository-manager-0 | c.o.t.s.i.PluginManager] Registering plugin GeoSPARQL
[INFO ] 2024-09-25 17:51:32,546 [repository-manager-0 | c.o.t.OwlimSchemaRepository] Scanning C:\Users\valep\Documents\GitHub\prova\app\graphDB\graphdb-10.3.2\lib\plugins\geospatial-plugin for plugins
[WARN ] 2024-09-25 17:51:32,723 [repository-manager-0 | o.e.r.q.a.e.f.FunctionRegistry] New service class org.eclipse.rdf4j.spin.function.Localname replaces existing service class com.ontotext.trree.query.functions.afn.old.Localname
[INFO ] 2024-09-25 17:51:32,774 [repository-manager-0 | c.o.t.p.g.FunctionLoader] Registered 1 functions from package com.ontotext.trree.plugin.geo.
[INFO ] 2024-09-25 17:51:32,774 [repository-manager-0 | c.o.t.s.i.PluginManager] Registering plugin geospatial
[INFO ] 2024-09-25 17:51:32,774 [repository-manager-0 | c.o.t.OwlimSchemaRepository] Scanning C:\Users\valep\Documents\GitHub\prova\app\graphDB\graphdb-10.3.2\lib\plugins\history-plugin for plugins
[INFO ] 2024-09-25 17:51:32,798 [repository-manager-0 | c.o.t.s.i.PluginManager] Registering plugin history
[INFO ] 2024-09-25 17:51:32,798 [repository-manager-0 | c.o.t.OwlimSchemaRepository] Scanning C:\Users\valep\Documents\GitHub\prova\app\graphDB\graphdb-10.3.2\lib\plugins\kafka-connector for plugins
[INFO ] 2024-09-25 17:51:32,860 [repository-manager-0 | c.o.t.s.i.PluginManager] Registering plugin kafka-connector
[INFO ] 2024-09-25 17:51:32,860 [repository-manager-0 | c.o.t.OwlimSchemaRepository] Scanning C:\Users\valep\Documents\GitHub\prova\app\graphDB\graphdb-10.3.2\lib\plugins\lucene-connector for plugins
[INFO ] 2024-09-25 17:51:32,961 [repository-manager-0 | c.o.t.s.i.PluginManager] Registering plugin lucene-connector
[INFO ] 2024-09-25 17:51:32,961 [repository-manager-0 | c.o.t.OwlimSchemaRepository] Scanning C:\Users\valep\Documents\GitHub\prova\app\graphDB\graphdb-10.3.2\lib\plugins\mongodb-plugin for plugins
[INFO ] 2024-09-25 17:51:32,985 [repository-manager-0 | c.o.t.s.i.PluginManager] Registering plugin mongodb
[INFO ] 2024-09-25 17:51:32,990 [repository-manager-0 | c.o.t.OwlimSchemaRepository] Scanning C:\Users\valep\Documents\GitHub\prova\app\graphDB\graphdb-10.3.2\lib\plugins\notifications-logger-plugin for plugins
[INFO ] 2024-09-25 17:51:32,994 [repository-manager-0 | c.o.t.s.i.PluginManager] Registering plugin notifications-logger
[INFO ] 2024-09-25 17:51:32,994 [repository-manager-0 | c.o.t.OwlimSchemaRepository] Scanning C:\Users\valep\Documents\GitHub\prova\app\graphDB\graphdb-10.3.2\lib\plugins\opensearch-connector for plugins
[INFO ] 2024-09-25 17:51:33,092 [repository-manager-0 | c.o.t.s.i.PluginManager] Registering plugin opensearch-connector
[INFO ] 2024-09-25 17:51:33,092 [repository-manager-0 | c.o.t.OwlimSchemaRepository] Scanning C:\Users\valep\Documents\GitHub\prova\app\graphDB\graphdb-10.3.2\lib\plugins\proof-plugin for plugins
[INFO ] 2024-09-25 17:51:33,100 [repository-manager-0 | c.o.t.s.i.PluginManager] Registering plugin proof
[INFO ] 2024-09-25 17:51:33,100 [repository-manager-0 | c.o.t.OwlimSchemaRepository] Scanning C:\Users\valep\Documents\GitHub\prova\app\graphDB\graphdb-10.3.2\lib\plugins\rdfrank-plugin for plugins
[INFO ] 2024-09-25 17:51:33,116 [repository-manager-0 | c.o.t.s.i.PluginManager] Registering plugin rdfrank
[INFO ] 2024-09-25 17:51:33,116 [repository-manager-0 | c.o.t.OwlimSchemaRepository] Scanning C:\Users\valep\Documents\GitHub\prova\app\graphDB\graphdb-10.3.2\lib\plugins\sequences-plugin for plugins
[INFO ] 2024-09-25 17:51:33,124 [repository-manager-0 | c.o.t.s.i.PluginManager] Registering plugin sequences
[INFO ] 2024-09-25 17:51:33,124 [repository-manager-0 | c.o.t.OwlimSchemaRepository] Scanning C:\Users\valep\Documents\GitHub\prova\app\graphDB\graphdb-10.3.2\lib\plugins\similarity-plugin for plugins
[INFO ] 2024-09-25 17:51:33,172 [repository-manager-0 | c.o.t.s.i.PluginManager] Registering plugin similarity
[INFO ] 2024-09-25 17:51:33,172 [repository-manager-0 | c.o.t.OwlimSchemaRepository] Scanning C:\Users\valep\Documents\GitHub\prova\app\graphDB\graphdb-10.3.2\lib\plugins\solr-connector for plugins
[INFO ] 2024-09-25 17:51:33,303 [repository-manager-0 | c.o.t.s.i.PluginManager] Registering plugin solr-connector
[INFO ] 2024-09-25 17:51:33,303 [repository-manager-0 | c.o.t.OwlimSchemaRepository] Scanning C:\Users\valep\Documents\GitHub\prova\app\graphDB\graphdb-10.3.2\lib\plugins\sparql-mm for plugins
[INFO ] 2024-09-25 17:51:33,311 [repository-manager-0 | c.o.t.s.i.PluginManager] Registering plugin sparql-mm
[INFO ] 2024-09-25 17:51:33,311 [repository-manager-0 | c.o.t.OwlimSchemaRepository] Scanning C:\Users\valep\Documents\GitHub\prova\app\graphDB\graphdb-10.3.2\lib\plugins\text-mining-plugin for plugins
[INFO ] 2024-09-25 17:51:33,327 [repository-manager-0 | c.o.t.s.i.PluginManager] Registering plugin text-mining
[INFO ] 2024-09-25 17:51:33,327 [repository-manager-0 | c.o.t.OwlimSchemaRepository] Scanning C:\Users\valep\Documents\GitHub\prova\app\graphDB\graphdb-10.3.2\lib\plugins\tx-rollback-plugin for plugins
[INFO ] 2024-09-25 17:51:33,335 [repository-manager-0 | c.o.t.s.i.PluginManager] Registering plugin tx-rollback
[INFO ] 2024-09-25 17:51:33,335 [repository-manager-0 | c.o.t.s.i.PluginManager] Initializing plugins... (DEFAULT)
[INFO ] 2024-09-25 17:51:33,348 [repository-manager-0 | c.o.l.LicenseRegistry] License configuration: Embedded license
[INFO ] 2024-09-25 17:51:33,348 [repository-manager-0 | c.o.l.LicenseRegistry] License file: jar:file:/C:/Users/valep/Documents/GitHub/prova/app/graphDB/graphdb-10.3.2/lib/graphdb-runtime-10.3.2.jar!/GRAPHDB_LITE.license
[INFO ] 2024-09-25 17:51:33,351 [repository-manager-0 | c.o.l.LicenseRegistry] Product:                 GRAPHDB_LITE
[INFO ] 2024-09-25 17:51:33,351 [repository-manager-0 | c.o.l.LicenseRegistry] Capabilities:            [LUCENE_CONNECTOR]
[INFO ] 2024-09-25 17:51:33,351 [repository-manager-0 | c.o.l.LicenseRegistry] Usage restriction:       null
[INFO ] 2024-09-25 17:51:33,351 [repository-manager-0 | c.o.l.LicenseRegistry] Licensee:                Freeware
[INFO ] 2024-09-25 17:51:33,351 [repository-manager-0 | c.o.l.LicenseRegistry] Permitted use:           THE SOFTWARE IS PROVIDED "AS IS", WITHOUT WARRANTY OF ANY KIND, EXPRESS OR IMPLIED, INCLUDING BUT NOT LIMITED TO THE WARRANTIES OF MERCHANTABILITY, FITNESS FOR A PARTICULAR PURPOSE AND NONINFRINGEMENT. IN NO EVENT SHALL THE AUTHORS OR COPYRIGHT HOLDERS BE LIABLE FOR ANY CLAIM, DAMAGES OR OTHER LIABILITY, WHETHER IN AN ACTION OF CONTRACT, TORT OR OTHERWISE, ARISING FROM, OUT OF OR IN CONNECTION WITH THE SOFTWARE OR THE USE OR OTHER DEALINGS IN THE SOFTWARE.
[INFO ] 2024-09-25 17:51:33,351 [repository-manager-0 | c.o.l.LicenseRegistry] Version:                 10.3
[INFO ] 2024-09-25 17:51:33,351 [repository-manager-0 | c.o.l.LicenseRegistry] Expiry date:             none
[INFO ] 2024-09-25 17:51:33,351 [repository-manager-0 | c.o.l.LicenseRegistry] Latest publication date: none
[INFO ] 2024-09-25 17:51:33,351 [repository-manager-0 | c.o.l.LicenseRegistry] Max CPU cores:           1
[INFO ] 2024-09-25 17:51:33,351 [repository-manager-0 | c.o.c.AbstractParameter] Configured parameter 'nonInterpretablePredicates' to default value 'null'
[INFO ] 2024-09-25 17:51:33,367 [repository-manager-0 | c.o.t.s.i.PluginManager] Initializing plugin 'GeoSPARQL'
[INFO ] 2024-09-25 17:51:35,567 [repository-manager-0 | c.o.t.g.FunctionLoader] Registered 50 functions from package com.useekm.geosparql.
[INFO ] 2024-09-25 17:51:35,567 [repository-manager-0 | c.o.t.s.i.PluginManager] Initializing plugin 'autocomplete'
[INFO ] 2024-09-25 17:51:35,572 [repository-manager-0 | c.o.t.p.a.AutocompletePluginUtils] >>>>>>>> AutocompletePlugin: No configuration file found at C:\Users\valep\Documents\GitHub\prova\app\graphDB\graphdb-10.3.2\data\repositories\forgont_endpoint\storage\autocomplete\v2\config.properties. Assuming default options for plugin.
[INFO ] 2024-09-25 17:51:35,607 [repository-manager-0 | c.o.t.s.i.PluginManager] Initializing plugin 'change-tracking'
[INFO ] 2024-09-25 17:51:35,648 [repository-manager-0 | c.o.t.s.i.PluginManager] Initializing plugin 'dependencies-plugin'
[INFO ] 2024-09-25 17:51:35,787 [repository-manager-0 | c.o.t.p.d.DependenciesPlugin] Dependency graph was restored from cache
[INFO ] 2024-09-25 17:51:35,787 [repository-manager-0 | c.o.t.s.i.PluginManager] Initializing plugin 'direct'
[INFO ] 2024-09-25 17:51:35,790 [repository-manager-0 | c.o.t.s.i.PluginManager] Initializing plugin 'elasticsearch-connector'
[INFO ] 2024-09-25 17:51:35,870 [repository-manager-0 | c.o.t.s.i.PluginManager] Initializing plugin 'entity-change'
[INFO ] 2024-09-25 17:51:35,894 [repository-manager-0 | c.o.t.s.i.PluginManager] Initializing plugin 'expose-entity'
[INFO ] 2024-09-25 17:51:35,903 [repository-manager-0 | c.o.t.s.i.PluginManager] Initializing plugin 'geospatial'
[INFO ] 2024-09-25 17:51:35,903 [repository-manager-0 | c.o.t.p.g.GeoSpatialPlugin] Plugin:geospatial initialized
[INFO ] 2024-09-25 17:51:35,903 [repository-manager-0 | c.o.t.s.i.PluginManager] Initializing plugin 'history'
[INFO ] 2024-09-25 17:51:35,919 [repository-manager-0 | c.o.t.s.i.PluginManager] Initializing plugin 'kafka-connector'
[INFO ] 2024-09-25 17:51:35,953 [repository-manager-0 | c.o.t.s.i.PluginManager] Initializing plugin 'literals-index'
[INFO ] 2024-09-25 17:51:35,961 [repository-manager-0 | c.o.p.literals-index] Full-text search functionality is disabled
[INFO ] 2024-09-25 17:51:35,985 [repository-manager-0 | c.o.p.literals-index] Literals indices restored.
[INFO ] 2024-09-25 17:51:35,985 [repository-manager-0 | c.o.t.s.i.PluginManager] Initializing plugin 'lucene-connector'
[INFO ] 2024-09-25 17:51:36,011 [repository-manager-0 | c.o.t.s.i.PluginManager] Initializing plugin 'magic-predicates'
[INFO ] 2024-09-25 17:51:36,011 [repository-manager-0 | c.o.t.s.i.PluginManager] Initializing plugin 'mongodb'
[INFO ] 2024-09-25 17:51:36,011 [repository-manager-0 | c.o.t.s.i.PluginManager] Initializing plugin 'notifications'
[INFO ] 2024-09-25 17:51:36,011 [repository-manager-0 | c.o.t.s.i.PluginManager] Initializing plugin 'notifications-logger'
[INFO ] 2024-09-25 17:51:36,011 [repository-manager-0 | c.o.t.s.i.PluginManager] Initializing plugin 'opensearch-connector'
[INFO ] 2024-09-25 17:51:36,036 [repository-manager-0 | c.o.t.s.i.PluginManager] Initializing plugin 'plugincontrol'
[INFO ] 2024-09-25 17:51:36,039 [repository-manager-0 | c.o.t.p.p.PluginControlPlugin] Plugin:plugincontrol initialized
[INFO ] 2024-09-25 17:51:36,039 [repository-manager-0 | c.o.t.s.i.PluginManager] Initializing plugin 'proof'
[INFO ] 2024-09-25 17:51:36,039 [repository-manager-0 | c.o.t.s.i.PluginManager] Initializing plugin 'rdfrank'
[INFO ] 2024-09-25 17:51:36,044 [repository-manager-0 | c.o.t.s.i.PluginManager] Initializing plugin 'script'
[INFO ] 2024-09-25 17:51:36,053 [repository-manager-0 | c.o.t.s.i.PluginManager] Initializing plugin 'sequences'
[INFO ] 2024-09-25 17:51:36,057 [repository-manager-0 | c.o.t.s.i.PluginManager] Initializing plugin 'similarity'
[INFO ] 2024-09-25 17:51:36,807 [repository-manager-0 | c.o.t.s.i.PluginManager] Initializing plugin 'solr-connector'
[INFO ] 2024-09-25 17:51:36,821 [repository-manager-0 | c.o.t.s.i.PluginManager] Initializing plugin 'sparql-mm'
[INFO ] 2024-09-25 17:51:36,879 [repository-manager-0 | c.o.g.s.FunctionLoader] Registered 58 functions from package com.github.tkurz.sparqlmm.function.
[INFO ] 2024-09-25 17:51:36,879 [repository-manager-0 | c.o.t.s.i.PluginManager] Initializing plugin 'sparql-template'
[INFO ] 2024-09-25 17:51:36,879 [repository-manager-0 | c.o.t.s.i.PluginManager] Initializing plugin 'text-mining'
[INFO ] 2024-09-25 17:51:36,879 [repository-manager-0 | c.o.t.s.i.PluginManager] Initializing plugin 'tx-rollback'
[INFO ] 2024-09-25 17:51:36,879 [repository-manager-0 | c.o.t.s.i.PluginManager] Initializing plugin 'utils'
[INFO ] 2024-09-25 17:51:37,077 [repository-manager-1 | c.o.t.OwlimSchemaRepository] Version: 10.3, revision: 2089190103
[INFO ] 2024-09-25 17:51:37,077 [repository-manager-1 | c.o.t.OwlimSchemaRepository] Build date: Fri Sep 01 15:00:09 CEST 2023
[INFO ] 2024-09-25 17:51:37,077 [repository-manager-1 | c.o.t.OwlimSchemaRepository] Started repository prova in READ/WRITE mode.
[INFO ] 2024-09-25 17:51:37,077 [repository-manager-1 | c.o.c.AbstractParameter] Configured parameter 'partialRDFS' to default value 'false'
[INFO ] 2024-09-25 17:51:37,077 [repository-manager-1 | c.o.c.AbstractParameter] Configured parameter 'transaction-isolation' to default value 'true'
[INFO ] 2024-09-25 17:51:37,077 [repository-manager-1 | c.o.c.AbstractParameter] Configured parameter 'checkForValidPropertiesAndClasses' to default value 'false'
[INFO ] 2024-09-25 17:51:37,077 [repository-manager-1 | c.o.c.AbstractParameter] Configured parameter 'transaction-mode' to default value 'safe'
[INFO ] 2024-09-25 17:51:37,077 [repository-manager-1 | c.o.c.AbstractParameter] Configured parameter 'entity-pool-implementation' to default value 'transactional'
[INFO ] 2024-09-25 17:51:37,077 [repository-manager-1 | c.o.c.AbstractParameter] Configured parameter 'useShutdownHooks' to default value 'true'
[INFO ] 2024-09-25 17:51:37,077 [repository-manager-1 | c.o.GraphDBConfigParameters] Cache pages for tuples: 7829
[INFO ] 2024-09-25 17:51:37,077 [repository-manager-1 | c.o.GraphDBConfigParameters] Cache pages for predicates: 1118
[INFO ] 2024-09-25 17:51:37,085 [repository-manager-1 | c.o.c.AbstractParameter] Configured parameter 'graphdb.global.page.cache' to default value 'true'
[INFO ] 2024-09-25 17:51:37,108 [repository-manager-1 | c.o.t.OwlimSchemaRepository] Detected unclean shutdown
[INFO ] 2024-09-25 17:51:37,110 [repository-manager-1 | c.o.t.OwlimSchemaRepository] Removing old inference file C:\Users\valep\Documents\GitHub\prova\app\graphDB\graphdb-10.3.2\data\repositories\prova\storage\stack-1b7beae and freeing 0 bytes
[INFO ] 2024-09-25 17:51:37,110 [repository-manager-1 | c.o.t.OwlimSchemaRepository] Removing old inference file C:\Users\valep\Documents\GitHub\prova\app\graphDB\graphdb-10.3.2\data\repositories\prova\storage\stack-1b7beae-del and freeing 0 bytes
[INFO ] 2024-09-25 17:51:37,110 [repository-manager-1 | c.o.t.OwlimSchemaRepository] Removing old inference file C:\Users\valep\Documents\GitHub\prova\app\graphDB\graphdb-10.3.2\data\repositories\prova\storage\stack-1b7beae-del1 and freeing 0 bytes
[INFO ] 2024-09-25 17:51:37,110 [repository-manager-1 | c.o.t.OwlimSchemaRepository] Removing old inference file C:\Users\valep\Documents\GitHub\prova\app\graphDB\graphdb-10.3.2\data\repositories\prova\storage\stack-1b7beae-del2 and freeing 0 bytes
[INFO ] 2024-09-25 17:51:37,118 [repository-manager-1 | c.o.t.OwlimSchemaRepository] Removing old inference file C:\Users\valep\Documents\GitHub\prova\app\graphDB\graphdb-10.3.2\data\repositories\prova\storage\stack-1b7beae-expl-restore and freeing 0 bytes
[INFO ] 2024-09-25 17:51:37,118 [repository-manager-1 | c.o.c.AbstractParameter] Configured parameter 'graphdb.epool.onheap' to default value 'false'
[INFO ] 2024-09-25 17:51:37,118 [repository-manager-1 | c.o.c.AbstractParameter] Configured parameter 'graphdb.page.cache.size' to default value '1004.0M'
[INFO ] 2024-09-25 17:51:37,118 [repository-manager-1 | c.o.t.MemoryConfig] Configured global page cache size to 1004.0M
[INFO ] 2024-09-25 17:51:37,118 [repository-manager-1 | c.o.t.e.EntityPoolFactory] Using entity pool implementation: transactional-disk
[INFO ] 2024-09-25 17:51:37,160 [repository-manager-1 | c.o.t.e.i.m.PersistedHashMap] Restoring entity hash table...
[INFO ] 2024-09-25 17:51:37,308 [repository-manager-1 | c.o.t.e.i.m.PersistedHashMap] Restored 0 entity allocating 12.0 MB
[INFO ] 2024-09-25 17:51:37,308 [repository-manager-1 | c.o.t.e.i.m.PersistedHashMap] Done in 148 ms.
[INFO ] 2024-09-25 17:51:37,316 [repository-manager-1 | c.o.c.AbstractParameter] Configured parameter 'enable-pool-reversecache' to default value 'true'
[INFO ] 2024-09-25 17:51:37,325 [repository-manager-1 | c.o.t.e.u.EntityPoolRestoreUtil] Begin restoring from persistence: hashmap types array
[INFO ] 2024-09-25 17:51:37,507 [repository-manager-1 | c.o.t.e.u.EntityPoolRestoreUtil] Done in 182ms.
[WARN ] 2024-09-25 17:51:37,614 [repository-manager-1 | c.o.t.OwlimSchemaRepository] Rule list configuration present, it will override all other rule sets parameters!
[INFO ] 2024-09-25 17:51:37,632 [repository-manager-1 | c.o.t.InferencerFactory] ruleSet=rdfs, partialRdfs=false
[INFO ] 2024-09-25 17:51:37,655 [repository-manager-1 | c.o.c.AbstractParameter] Configured parameter 'disable-plugins' to default value '[]'
[INFO ] 2024-09-25 17:51:37,655 [repository-manager-1 | c.o.c.AbstractParameter] Configured parameter 'skip-default-plugins' to default value 'false'
[INFO ] 2024-09-25 17:51:37,655 [repository-manager-1 | c.o.t.OwlimSchemaRepository] Searching for plugins available in the classpath...
[INFO ] 2024-09-25 17:51:37,676 [repository-manager-1 | c.o.t.s.i.PluginManager] Registering plugin direct
[INFO ] 2024-09-25 17:51:37,676 [repository-manager-1 | c.o.t.s.i.PluginManager] Registering plugin notifications
[INFO ] 2024-09-25 17:51:37,676 [repository-manager-1 | c.o.t.s.i.PluginManager] Registering plugin expose-entity
[INFO ] 2024-09-25 17:51:37,676 [repository-manager-1 | c.o.t.s.i.PluginManager] Registering plugin literals-index
[INFO ] 2024-09-25 17:51:37,676 [repository-manager-1 | c.o.t.s.i.PluginManager] Registering plugin script
[INFO ] 2024-09-25 17:51:37,676 [repository-manager-1 | c.o.t.s.i.PluginManager] Registering plugin utils
[INFO ] 2024-09-25 17:51:37,676 [repository-manager-1 | c.o.t.s.i.PluginManager] Registering plugin plugincontrol
[INFO ] 2024-09-25 17:51:37,676 [repository-manager-1 | c.o.t.s.i.PluginManager] Registering plugin magic-predicates
[INFO ] 2024-09-25 17:51:37,676 [repository-manager-1 | c.o.t.s.i.PluginManager] Registering plugin sparql-template
[INFO ] 2024-09-25 17:51:37,676 [repository-manager-1 | c.o.c.AbstractParameter] Configured parameter 'register-plugins' to default value '[]'
[INFO ] 2024-09-25 17:51:37,680 [repository-manager-1 | c.o.GraphDBConfigParameters] Reading external plugins from C:\Users\valep\Documents\GitHub\prova\app\graphDB\graphdb-10.3.2\lib\plugins
[INFO ] 2024-09-25 17:51:37,680 [repository-manager-1 | c.o.c.AbstractParameter] Configured parameter 'register-external-plugins' to default value '[C:\Users\valep\Documents\GitHub\prova\app\graphDB\graphdb-10.3.2\lib\plugins]'
[INFO ] 2024-09-25 17:51:37,680 [repository-manager-1 | c.o.t.OwlimSchemaRepository] Registering external plugins...
[INFO ] 2024-09-25 17:51:37,690 [repository-manager-1 | c.o.t.OwlimSchemaRepository] Scanning C:\Users\valep\Documents\GitHub\prova\app\graphDB\graphdb-10.3.2\lib\plugins\autocomplete-plugin for plugins
[INFO ] 2024-09-25 17:51:37,697 [repository-manager-1 | c.o.t.s.i.PluginManager] Registering plugin autocomplete
[INFO ] 2024-09-25 17:51:37,697 [repository-manager-1 | c.o.t.OwlimSchemaRepository] Scanning C:\Users\valep\Documents\GitHub\prova\app\graphDB\graphdb-10.3.2\lib\plugins\change-tracking-plugin for plugins
[INFO ] 2024-09-25 17:51:37,705 [repository-manager-1 | c.o.t.s.i.PluginManager] Registering plugin change-tracking
[INFO ] 2024-09-25 17:51:37,705 [repository-manager-1 | c.o.t.OwlimSchemaRepository] Scanning C:\Users\valep\Documents\GitHub\prova\app\graphDB\graphdb-10.3.2\lib\plugins\dependencies-plugin for plugins
[INFO ] 2024-09-25 17:51:37,722 [repository-manager-1 | c.o.t.s.i.PluginManager] Registering plugin dependencies-plugin
[INFO ] 2024-09-25 17:51:37,722 [repository-manager-1 | c.o.t.OwlimSchemaRepository] Scanning C:\Users\valep\Documents\GitHub\prova\app\graphDB\graphdb-10.3.2\lib\plugins\elasticsearch-connector for plugins
[INFO ] 2024-09-25 17:51:37,771 [repository-manager-1 | c.o.t.s.i.PluginManager] Registering plugin elasticsearch-connector
[INFO ] 2024-09-25 17:51:37,771 [repository-manager-1 | c.o.t.OwlimSchemaRepository] Scanning C:\Users\valep\Documents\GitHub\prova\app\graphDB\graphdb-10.3.2\lib\plugins\entity-change-connector for plugins
[INFO ] 2024-09-25 17:51:37,825 [repository-manager-1 | c.o.t.s.i.PluginManager] Registering plugin entity-change
[INFO ] 2024-09-25 17:51:37,825 [repository-manager-1 | c.o.t.OwlimSchemaRepository] Scanning C:\Users\valep\Documents\GitHub\prova\app\graphDB\graphdb-10.3.2\lib\plugins\geosparql-plugin for plugins
[INFO ] 2024-09-25 17:51:37,871 [repository-manager-0 | c.o.t.s.i.PluginManager] Finished initializing plugins
[INFO ] 2024-09-25 17:51:37,872 [repository-manager-0 | c.o.t.MemoryConfig] Configured global page cache size to 1004.0M
[INFO ] 2024-09-25 17:51:37,872 [repository-manager-0 | c.o.t.MemoryConfig] Configured global page cache size to 1004.0M
[INFO ] 2024-09-25 17:51:37,902 [repository-manager-1 | c.o.t.s.i.PluginManager] Registering plugin GeoSPARQL
[INFO ] 2024-09-25 17:51:37,902 [repository-manager-1 | c.o.t.OwlimSchemaRepository] Scanning C:\Users\valep\Documents\GitHub\prova\app\graphDB\graphdb-10.3.2\lib\plugins\geospatial-plugin for plugins
[INFO ] 2024-09-25 17:51:37,926 [repository-manager-1 | c.o.t.p.g.FunctionLoader] Registered 1 functions from package com.ontotext.trree.plugin.geo.
[INFO ] 2024-09-25 17:51:37,926 [repository-manager-1 | c.o.t.s.i.PluginManager] Registering plugin geospatial
[INFO ] 2024-09-25 17:51:37,926 [repository-manager-1 | c.o.t.OwlimSchemaRepository] Scanning C:\Users\valep\Documents\GitHub\prova\app\graphDB\graphdb-10.3.2\lib\plugins\history-plugin for plugins
[INFO ] 2024-09-25 17:51:37,940 [repository-manager-1 | c.o.t.s.i.PluginManager] Registering plugin history
[INFO ] 2024-09-25 17:51:37,940 [repository-manager-1 | c.o.t.OwlimSchemaRepository] Scanning C:\Users\valep\Documents\GitHub\prova\app\graphDB\graphdb-10.3.2\lib\plugins\kafka-connector for plugins
[INFO ] 2024-09-25 17:51:37,991 [repository-manager-1 | c.o.t.s.i.PluginManager] Registering plugin kafka-connector
[INFO ] 2024-09-25 17:51:37,991 [repository-manager-1 | c.o.t.OwlimSchemaRepository] Scanning C:\Users\valep\Documents\GitHub\prova\app\graphDB\graphdb-10.3.2\lib\plugins\lucene-connector for plugins
[INFO ] 2024-09-25 17:51:38,015 [repository-manager-0 | c.o.c.AbstractParameter] Configured parameter 'do.resolve.entities' to default value 'true'
[INFO ] 2024-09-25 17:51:38,015 [repository-manager-0 | c.o.c.AbstractParameter] Configured parameter 'do.load.data' to default value 'true'
[INFO ] 2024-09-25 17:51:38,015 [repository-manager-0 | c.o.r.p.ParallelLoader] Data will be parsed + resolved + loaded.
[INFO ] 2024-09-25 17:51:38,015 [repository-manager-0 | c.o.c.AbstractParameter] Configured parameter 'graphdb.persistent.parallel.inferencers' to default value 'false'
[INFO ] 2024-09-25 17:51:38,048 [repository-manager-1 | c.o.t.s.i.PluginManager] Registering plugin lucene-connector
[INFO ] 2024-09-25 17:51:38,048 [repository-manager-1 | c.o.t.OwlimSchemaRepository] Scanning C:\Users\valep\Documents\GitHub\prova\app\graphDB\graphdb-10.3.2\lib\plugins\mongodb-plugin for plugins
[INFO ] 2024-09-25 17:51:38,058 [repository-manager-1 | c.o.t.s.i.PluginManager] Registering plugin mongodb
[INFO ] 2024-09-25 17:51:38,058 [repository-manager-1 | c.o.t.OwlimSchemaRepository] Scanning C:\Users\valep\Documents\GitHub\prova\app\graphDB\graphdb-10.3.2\lib\plugins\notifications-logger-plugin for plugins
[INFO ] 2024-09-25 17:51:38,065 [repository-manager-1 | c.o.t.s.i.PluginManager] Registering plugin notifications-logger
[INFO ] 2024-09-25 17:51:38,075 [repository-manager-1 | c.o.t.OwlimSchemaRepository] Scanning C:\Users\valep\Documents\GitHub\prova\app\graphDB\graphdb-10.3.2\lib\plugins\opensearch-connector for plugins
[INFO ] 2024-09-25 17:51:38,141 [repositories/forgont_endpoint | o.e.r.h.s.r.n.NamespacesController] GET namespace list
[INFO ] 2024-09-25 17:51:38,142 [repositories/forgont_endpoint | o.e.r.h.s.r.n.NamespacesController] GET namespace list
[INFO ] 2024-09-25 17:51:38,158 [repository-manager-1 | c.o.t.s.i.PluginManager] Registering plugin opensearch-connector
[INFO ] 2024-09-25 17:51:38,158 [repository-manager-1 | c.o.t.OwlimSchemaRepository] Scanning C:\Users\valep\Documents\GitHub\prova\app\graphDB\graphdb-10.3.2\lib\plugins\proof-plugin for plugins
[INFO ] 2024-09-25 17:51:38,164 [repository-manager-1 | c.o.t.s.i.PluginManager] Registering plugin proof
[INFO ] 2024-09-25 17:51:38,164 [repository-manager-1 | c.o.t.OwlimSchemaRepository] Scanning C:\Users\valep\Documents\GitHub\prova\app\graphDB\graphdb-10.3.2\lib\plugins\rdfrank-plugin for plugins
[INFO ] 2024-09-25 17:51:38,181 [repository-manager-1 | c.o.t.s.i.PluginManager] Registering plugin rdfrank
[INFO ] 2024-09-25 17:51:38,189 [repository-manager-1 | c.o.t.OwlimSchemaRepository] Scanning C:\Users\valep\Documents\GitHub\prova\app\graphDB\graphdb-10.3.2\lib\plugins\sequences-plugin for plugins
[INFO ] 2024-09-25 17:51:38,206 [repository-manager-1 | c.o.t.s.i.PluginManager] Registering plugin sequences
[INFO ] 2024-09-25 17:51:38,206 [repositories/forgont_endpoint | c.o.c.AbstractParameter] Configured parameter 'custom.validation.queries.file' to default value 'null'
[INFO ] 2024-09-25 17:51:38,206 [repository-manager-1 | c.o.t.OwlimSchemaRepository] Scanning C:\Users\valep\Documents\GitHub\prova\app\graphDB\graphdb-10.3.2\lib\plugins\similarity-plugin for plugins
[INFO ] 2024-09-25 17:51:38,257 [repository-manager-1 | c.o.t.s.i.PluginManager] Registering plugin similarity
[INFO ] 2024-09-25 17:51:38,259 [repository-manager-1 | c.o.t.OwlimSchemaRepository] Scanning C:\Users\valep\Documents\GitHub\prova\app\graphDB\graphdb-10.3.2\lib\plugins\solr-connector for plugins
[INFO ] 2024-09-25 17:51:38,355 [repository-manager-1 | c.o.t.s.i.PluginManager] Registering plugin solr-connector
[INFO ] 2024-09-25 17:51:38,355 [repository-manager-1 | c.o.t.OwlimSchemaRepository] Scanning C:\Users\valep\Documents\GitHub\prova\app\graphDB\graphdb-10.3.2\lib\plugins\sparql-mm for plugins
[INFO ] 2024-09-25 17:51:38,362 [repository-manager-1 | c.o.t.s.i.PluginManager] Registering plugin sparql-mm
[INFO ] 2024-09-25 17:51:38,362 [repository-manager-1 | c.o.t.OwlimSchemaRepository] Scanning C:\Users\valep\Documents\GitHub\prova\app\graphDB\graphdb-10.3.2\lib\plugins\text-mining-plugin for plugins
[INFO ] 2024-09-25 17:51:38,379 [repository-manager-1 | c.o.t.s.i.PluginManager] Registering plugin text-mining
[INFO ] 2024-09-25 17:51:38,379 [repository-manager-1 | c.o.t.OwlimSchemaRepository] Scanning C:\Users\valep\Documents\GitHub\prova\app\graphDB\graphdb-10.3.2\lib\plugins\tx-rollback-plugin for plugins
[INFO ] 2024-09-25 17:51:38,388 [repository-manager-1 | c.o.t.s.i.PluginManager] Registering plugin tx-rollback
[INFO ] 2024-09-25 17:51:38,390 [repository-manager-1 | c.o.t.s.i.PluginManager] Initializing plugins... (DEFAULT)
[INFO ] 2024-09-25 17:51:38,395 [repositories/forgont_endpoint | o.e.r.h.s.r.TupleQueryResultView] Request for query 3392903 is finished
[INFO ] 2024-09-25 17:51:38,395 [repositories/forgont_endpoint | o.e.r.h.s.r.TupleQueryResultView] Request for query 3392903 is finished
[INFO ] 2024-09-25 17:51:38,407 [repository-manager-1 | c.o.c.AbstractParameter] Configured parameter 'nonInterpretablePredicates' to default value 'null'
[INFO ] 2024-09-25 17:51:38,408 [repository-manager-1 | c.o.t.s.i.PluginManager] Initializing plugin 'GeoSPARQL'
[INFO ] 2024-09-25 17:51:39,986 [repository-manager-1 | c.o.t.g.FunctionLoader] Registered 50 functions from package com.useekm.geosparql.
[INFO ] 2024-09-25 17:51:39,994 [repository-manager-1 | c.o.t.s.i.PluginManager] Initializing plugin 'autocomplete'
[INFO ] 2024-09-25 17:51:39,994 [repository-manager-1 | c.o.t.p.a.AutocompletePluginUtils] >>>>>>>> AutocompletePlugin: No configuration file found at C:\Users\valep\Documents\GitHub\prova\app\graphDB\graphdb-10.3.2\data\repositories\prova\storage\autocomplete\v2\config.properties. Assuming default options for plugin.
[INFO ] 2024-09-25 17:51:40,002 [repository-manager-1 | c.o.t.s.i.PluginManager] Initializing plugin 'change-tracking'
[INFO ] 2024-09-25 17:51:40,002 [repository-manager-1 | c.o.t.s.i.PluginManager] Initializing plugin 'dependencies-plugin'
[INFO ] 2024-09-25 17:51:40,002 [repository-manager-1 | c.o.t.s.i.PluginManager] Initializing plugin 'direct'
[INFO ] 2024-09-25 17:51:40,002 [repository-manager-1 | c.o.t.s.i.PluginManager] Initializing plugin 'elasticsearch-connector'
[INFO ] 2024-09-25 17:51:40,034 [repository-manager-1 | c.o.t.s.i.PluginManager] Initializing plugin 'entity-change'
[INFO ] 2024-09-25 17:51:40,050 [repository-manager-1 | c.o.t.s.i.PluginManager] Initializing plugin 'expose-entity'
[INFO ] 2024-09-25 17:51:40,050 [repository-manager-1 | c.o.t.s.i.PluginManager] Initializing plugin 'geospatial'
[INFO ] 2024-09-25 17:51:40,050 [repository-manager-1 | c.o.t.p.g.GeoSpatialPlugin] Plugin:geospatial initialized
[INFO ] 2024-09-25 17:51:40,050 [repository-manager-1 | c.o.t.s.i.PluginManager] Initializing plugin 'history'
[INFO ] 2024-09-25 17:51:40,074 [repository-manager-1 | c.o.t.s.i.PluginManager] Initializing plugin 'kafka-connector'
[INFO ] 2024-09-25 17:51:40,091 [repository-manager-1 | c.o.t.s.i.PluginManager] Initializing plugin 'literals-index'
[INFO ] 2024-09-25 17:51:40,099 [repository-manager-1 | c.o.p.literals-index] Full-text search functionality is disabled
[INFO ] 2024-09-25 17:51:40,107 [repository-manager-1 | c.o.p.literals-index] Literals indices restored.
[INFO ] 2024-09-25 17:51:40,107 [repository-manager-1 | c.o.t.s.i.PluginManager] Initializing plugin 'lucene-connector'
[INFO ] 2024-09-25 17:51:40,123 [repository-manager-1 | c.o.t.s.i.PluginManager] Initializing plugin 'magic-predicates'
[INFO ] 2024-09-25 17:51:40,123 [repository-manager-1 | c.o.t.s.i.PluginManager] Initializing plugin 'mongodb'
[INFO ] 2024-09-25 17:51:40,131 [repository-manager-1 | c.o.t.s.i.PluginManager] Initializing plugin 'notifications'
[INFO ] 2024-09-25 17:51:40,131 [repository-manager-1 | c.o.t.s.i.PluginManager] Initializing plugin 'notifications-logger'
[INFO ] 2024-09-25 17:51:40,131 [repository-manager-1 | c.o.t.s.i.PluginManager] Initializing plugin 'opensearch-connector'
[INFO ] 2024-09-25 17:51:40,141 [repository-manager-1 | c.o.t.s.i.PluginManager] Initializing plugin 'plugincontrol'
[INFO ] 2024-09-25 17:51:40,141 [repository-manager-1 | c.o.t.p.p.PluginControlPlugin] Plugin:plugincontrol initialized
[INFO ] 2024-09-25 17:51:40,147 [repository-manager-1 | c.o.t.s.i.PluginManager] Initializing plugin 'proof'
[INFO ] 2024-09-25 17:51:40,147 [repository-manager-1 | c.o.t.s.i.PluginManager] Initializing plugin 'rdfrank'
[INFO ] 2024-09-25 17:51:40,155 [repository-manager-1 | c.o.t.s.i.PluginManager] Initializing plugin 'script'
[INFO ] 2024-09-25 17:51:40,155 [repository-manager-1 | c.o.t.s.i.PluginManager] Initializing plugin 'sequences'
[INFO ] 2024-09-25 17:51:40,155 [repository-manager-1 | c.o.t.s.i.PluginManager] Initializing plugin 'similarity'
[INFO ] 2024-09-25 17:51:40,860 [repository-manager-1 | c.o.t.s.i.PluginManager] Initializing plugin 'solr-connector'
[INFO ] 2024-09-25 17:51:40,872 [repository-manager-1 | c.o.t.s.i.PluginManager] Initializing plugin 'sparql-mm'
[INFO ] 2024-09-25 17:51:40,914 [repository-manager-1 | c.o.g.s.FunctionLoader] Registered 58 functions from package com.github.tkurz.sparqlmm.function.
[INFO ] 2024-09-25 17:51:40,914 [repository-manager-1 | c.o.t.s.i.PluginManager] Initializing plugin 'sparql-template'
[INFO ] 2024-09-25 17:51:40,914 [repository-manager-1 | c.o.t.s.i.PluginManager] Initializing plugin 'text-mining'
[INFO ] 2024-09-25 17:51:40,914 [repository-manager-1 | c.o.t.s.i.PluginManager] Initializing plugin 'tx-rollback'
[INFO ] 2024-09-25 17:51:40,914 [repository-manager-1 | c.o.t.s.i.PluginManager] Initializing plugin 'utils'
[INFO ] 2024-09-25 17:51:40,942 [repository-manager-1 | c.o.t.s.i.PluginManager] Finished initializing plugins
[INFO ] 2024-09-25 17:51:40,942 [repository-manager-1 | c.o.t.MemoryConfig] Configured global page cache size to 1004.0M
[INFO ] 2024-09-25 17:51:40,942 [repository-manager-1 | c.o.t.MemoryConfig] Configured global page cache size to 1004.0M
[INFO ] 2024-09-25 17:51:41,021 [repository-manager-1 | c.o.c.AbstractParameter] Configured parameter 'graphdb.persistent.parallel.inferencers' to default value 'false'
[INFO ] 2024-09-25 17:51:41,096 [repositories/prova | o.e.r.h.s.r.n.NamespacesController] GET namespace list
[INFO ] 2024-09-25 17:51:41,096 [repositories/prova | o.e.r.h.s.r.n.NamespacesController] GET namespace list
[INFO ] 2024-09-25 17:51:41,111 [repositories/prova | o.e.r.h.s.r.TupleQueryResultView] Request for query 3392903 is finished
[INFO ] 2024-09-25 17:51:41,113 [repositories/prova | o.e.r.h.s.r.TupleQueryResultView] Request for query 3392903 is finished
[INFO ] 2024-09-25 17:51:41,473 [http-nio-7200-exec-8 | c.o.c.AbstractParameter] Configured parameter 'deduplicate.construct' to default value 'true'
[WARN ] 2024-09-25 17:51:41,548 [http-nio-7200-exec-8 | o.e.r.q.a.e.f.TupleFunctionRegistry] New service class org.eclipse.rdf4j.spin.function.apf.StrSplit replaces existing service class com.ontotext.trree.query.functions.apf.old.StrSplitOld
[WARN ] 2024-09-25 17:51:41,548 [http-nio-7200-exec-8 | o.e.r.q.a.e.f.TupleFunctionRegistry] New service class org.eclipse.rdf4j.spin.function.apf.ConcatTupleFunction replaces existing service class com.ontotext.trree.query.functions.apf.old.ConcatOld
[WARN ] 2024-09-25 17:51:41,548 [http-nio-7200-exec-8 | o.e.r.q.a.e.f.TupleFunctionRegistry] New service class org.eclipse.rdf4j.spin.function.list.Member replaces existing service class com.ontotext.trree.query.functions.list.old.MemberOld
[WARN ] 2024-09-25 17:51:41,548 [http-nio-7200-exec-8 | o.e.r.q.a.e.f.TupleFunctionRegistry] New service class org.eclipse.rdf4j.spin.function.list.Index replaces existing service class com.ontotext.trree.query.functions.list.old.IndexOld
[WARN ] 2024-09-25 17:51:41,556 [http-nio-7200-exec-8 | o.e.r.q.a.e.f.TupleFunctionRegistry] New service class org.eclipse.rdf4j.spin.function.list.Length replaces existing service class com.ontotext.trree.query.functions.list.old.LengthOld
[INFO ] 2024-09-25 17:51:41,605 [http-nio-7200-exec-8 | c.o.c.AbstractParameter] Configured parameter 'reuse.vars.in.subselects' to default value 'true'
[INFO ] 2024-09-25 17:51:41,658 [http-nio-7200-exec-8 | c.o.c.AbstractParameter] Configured parameter 'in-clause-max-members' to default value '16'
[INFO ] 2024-09-25 17:51:41,662 [http-nio-7200-exec-8 | c.o.c.AbstractParameter] Configured parameter 'query.convert.values.clause' to default value 'true'
[INFO ] 2024-09-25 17:51:41,679 [http-nio-7200-exec-8 | c.o.c.AbstractParameter] Configured parameter 'merge.join' to default value 'false'
[INFO ] 2024-09-25 17:51:46,406 [repositories/prova | o.e.r.h.s.r.n.NamespacesController] GET namespace list
[INFO ] 2024-09-25 17:51:46,406 [repositories/prova | o.e.r.h.s.r.TupleQueryResultView] Request for query 3392903 is finished
[INFO ] 2024-09-25 17:51:48,443 [repositories/prova | c.o.g.s.StatementsController] POST SPARQL update request to repository
[INFO ] 2024-09-25 17:51:48,459 [repositories/prova | c.o.f.s.GraphDBProtocolExceptionResolver] Client sent bad request (400)
org.eclipse.rdf4j.http.server.ClientHTTPException: MALFORMED QUERY: Lexical error at line 7, column 19.  Encountered: '32' (32), after prefix "CONJ"
	at org.eclipse.rdf4j.http.server.repository.statements.StatementsController.getSparqlUpdateResult(StatementsController.java:280)
	at org.eclipse.rdf4j.http.server.repository.statements.StatementsController.handleRequestInternal(StatementsController.java:118)
	at com.ontotext.graphdb.sesame.StatementsController.handleRequestInternal(StatementsController.java:68)
	at org.springframework.web.servlet.mvc.AbstractController.handleRequest(AbstractController.java:177)
	at org.springframework.web.servlet.mvc.SimpleControllerHandlerAdapter.handle(SimpleControllerHandlerAdapter.java:51)
	at org.springframework.web.servlet.DispatcherServlet.doDispatch(DispatcherServlet.java:1072)
	at org.springframework.web.servlet.DispatcherServlet.doService(DispatcherServlet.java:965)
	at org.springframework.web.servlet.FrameworkServlet.processRequest(FrameworkServlet.java:1006)
	at org.springframework.web.servlet.FrameworkServlet.doPost(FrameworkServlet.java:909)
	at javax.servlet.http.HttpServlet.service(HttpServlet.java:555)
	at org.springframework.web.servlet.FrameworkServlet.service(FrameworkServlet.java:883)
	at javax.servlet.http.HttpServlet.service(HttpServlet.java:623)
	at org.apache.catalina.core.ApplicationFilterChain.internalDoFilter(ApplicationFilterChain.java:209)
	at org.apache.catalina.core.ApplicationFilterChain.doFilter(ApplicationFilterChain.java:153)
	at com.ontotext.forest.security.AdminDelegatingFilterProxy.doFilter(AdminDelegatingFilterProxy.java:82)
	at org.springframework.web.filter.DelegatingFilterProxy.invokeDelegate(DelegatingFilterProxy.java:354)
	at org.springframework.web.filter.DelegatingFilterProxy.doFilter(DelegatingFilterProxy.java:267)
	at org.apache.catalina.core.ApplicationFilterChain.internalDoFilter(ApplicationFilterChain.java:178)
	at org.apache.catalina.core.ApplicationFilterChain.doFilter(ApplicationFilterChain.java:153)
	at com.ontotext.forest.clusterproxy.ClusterFilterBean.doFilter(ClusterFilterBean.java:73)
	at com.ontotext.forest.clusterproxy.ClusterLoadBalancerFilter.doFilterInternal(ClusterLoadBalancerFilter.java:25)
	at org.springframework.web.filter.OncePerRequestFilter.doFilter(OncePerRequestFilter.java:117)
	at org.apache.catalina.core.ApplicationFilterChain.internalDoFilter(ApplicationFilterChain.java:178)
	at org.apache.catalina.core.ApplicationFilterChain.doFilter(ApplicationFilterChain.java:153)
	at com.ontotext.forest.core.request.RequestFilter.doFilterInternal(RequestFilter.java:47)
	at org.springframework.web.filter.OncePerRequestFilter.doFilter(OncePerRequestFilter.java:117)
	at org.apache.catalina.core.ApplicationFilterChain.internalDoFilter(ApplicationFilterChain.java:178)
	at org.apache.catalina.core.ApplicationFilterChain.doFilter(ApplicationFilterChain.java:153)
	at org.springframework.web.filter.CharacterEncodingFilter.doFilterInternal(CharacterEncodingFilter.java:201)
	at org.springframework.web.filter.OncePerRequestFilter.doFilter(OncePerRequestFilter.java:117)
	at org.apache.catalina.core.ApplicationFilterChain.internalDoFilter(ApplicationFilterChain.java:178)
	at org.apache.catalina.core.ApplicationFilterChain.doFilter(ApplicationFilterChain.java:153)
	at com.github.ziplet.filter.compression.CompressingFilter.doFilter(CompressingFilter.java:263)
	at org.apache.catalina.core.ApplicationFilterChain.internalDoFilter(ApplicationFilterChain.java:178)
	at org.apache.catalina.core.ApplicationFilterChain.doFilter(ApplicationFilterChain.java:153)
	at org.apache.catalina.core.StandardWrapperValve.invoke(StandardWrapperValve.java:167)
	at org.apache.catalina.core.StandardContextValve.invoke(StandardContextValve.java:90)
	at org.apache.catalina.authenticator.AuthenticatorBase.invoke(AuthenticatorBase.java:481)
	at org.apache.catalina.core.StandardHostValve.invoke(StandardHostValve.java:130)
	at org.apache.catalina.valves.ErrorReportValve.invoke(ErrorReportValve.java:93)
	at org.apache.catalina.core.StandardEngineValve.invoke(StandardEngineValve.java:74)
	at org.apache.catalina.connector.CoyoteAdapter.service(CoyoteAdapter.java:343)
	at org.apache.coyote.http11.Http11Processor.service(Http11Processor.java:390)
	at org.apache.coyote.AbstractProcessorLight.process(AbstractProcessorLight.java:63)
	at org.apache.coyote.AbstractProtocol$ConnectionHandler.process(AbstractProtocol.java:926)
	at org.apache.tomcat.util.net.NioEndpoint$SocketProcessor.doRun(NioEndpoint.java:1791)
	at org.apache.tomcat.util.net.SocketProcessorBase.run(SocketProcessorBase.java:52)
	at org.apache.tomcat.util.threads.ThreadPoolExecutor.runWorker(ThreadPoolExecutor.java:1191)
	at org.apache.tomcat.util.threads.ThreadPoolExecutor$Worker.run(ThreadPoolExecutor.java:659)
	at org.apache.tomcat.util.threads.TaskThread$WrappingRunnable.run(TaskThread.java:61)
	at java.base/java.lang.Thread.run(Thread.java:829)
[INFO ] 2024-09-25 17:51:51,780 [repositories/prova | c.o.g.s.h.GraphDBQueryResultHandler] POST query -1712550143
[INFO ] 2024-09-25 17:51:51,808 [repositories/prova | c.o.c.AbstractParameter] Configured parameter 'hash.join' to default value 'false'
[INFO ] 2024-09-25 17:51:51,879 [repositories/prova | c.o.g.s.TupleQueryResultView] Request for query -1712550143 is finished
[INFO ] 2024-09-25 17:53:13,896 [repositories/prova | o.e.r.h.s.r.n.NamespacesController] GET namespace list
[INFO ] 2024-09-25 17:53:13,904 [repositories/prova | o.e.r.h.s.r.TupleQueryResultView] Request for query 3392903 is finished
[INFO ] 2024-09-25 17:53:17,184 [repository-manager-2 | c.o.t.OwlimSchemaRepository] Version: 10.3, revision: 2089190103
[INFO ] 2024-09-25 17:53:17,184 [repository-manager-2 | c.o.t.OwlimSchemaRepository] Build date: Fri Sep 01 15:00:09 CEST 2023
[INFO ] 2024-09-25 17:53:17,184 [repository-manager-2 | c.o.t.OwlimSchemaRepository] Started repository reasoner in READ/WRITE mode.
[INFO ] 2024-09-25 17:53:17,184 [repository-manager-2 | c.o.c.AbstractParameter] Configured parameter 'partialRDFS' to default value 'false'
[INFO ] 2024-09-25 17:53:17,186 [repository-manager-2 | c.o.c.AbstractParameter] Configured parameter 'transaction-isolation' to default value 'true'
[INFO ] 2024-09-25 17:53:17,186 [repository-manager-2 | c.o.c.AbstractParameter] Configured parameter 'checkForValidPropertiesAndClasses' to default value 'false'
[INFO ] 2024-09-25 17:53:17,186 [repository-manager-2 | c.o.c.AbstractParameter] Configured parameter 'transaction-mode' to default value 'safe'
[INFO ] 2024-09-25 17:53:17,186 [repository-manager-2 | c.o.c.AbstractParameter] Configured parameter 'entity-pool-implementation' to default value 'transactional'
[INFO ] 2024-09-25 17:53:17,186 [repository-manager-2 | c.o.c.AbstractParameter] Configured parameter 'useShutdownHooks' to default value 'true'
[INFO ] 2024-09-25 17:53:17,186 [repository-manager-2 | c.o.GraphDBConfigParameters] Cache pages for tuples: 7829
[INFO ] 2024-09-25 17:53:17,186 [repository-manager-2 | c.o.GraphDBConfigParameters] Cache pages for predicates: 1118
[INFO ] 2024-09-25 17:53:17,186 [repository-manager-2 | c.o.c.AbstractParameter] Configured parameter 'graphdb.global.page.cache' to default value 'true'
[INFO ] 2024-09-25 17:53:17,186 [repository-manager-2 | c.o.t.OwlimSchemaRepository] Storage folder does not exist and is created: C:\Users\valep\Documents\GitHub\prova\app\graphDB\graphdb-10.3.2\data\repositories\reasoner\storage
[INFO ] 2024-09-25 17:53:17,191 [repository-manager-2 | c.o.c.AbstractParameter] Configured parameter 'graphdb.epool.onheap' to default value 'false'
[INFO ] 2024-09-25 17:53:17,191 [repository-manager-2 | c.o.c.AbstractParameter] Configured parameter 'graphdb.page.cache.size' to default value '1004.0M'
[INFO ] 2024-09-25 17:53:17,191 [repository-manager-2 | c.o.t.MemoryConfig] Configured global page cache size to 1004.0M
[INFO ] 2024-09-25 17:53:17,191 [repository-manager-2 | c.o.t.e.EntityPoolFactory] Using entity pool implementation: transactional-disk
[INFO ] 2024-09-25 17:53:17,289 [repository-manager-2 | c.o.c.AbstractParameter] Configured parameter 'enable-pool-reversecache' to default value 'true'
[INFO ] 2024-09-25 17:53:17,554 [repository-manager-2 | c.o.t.InferencerFactory] ruleSet=rdfsplus-optimized, partialRdfs=false
[INFO ] 2024-09-25 17:53:17,719 [repository-manager-2 | c.o.c.AbstractParameter] Configured parameter 'disable-plugins' to default value '[]'
[INFO ] 2024-09-25 17:53:17,727 [repository-manager-2 | c.o.c.AbstractParameter] Configured parameter 'skip-default-plugins' to default value 'false'
[INFO ] 2024-09-25 17:53:17,727 [repository-manager-2 | c.o.t.OwlimSchemaRepository] Searching for plugins available in the classpath...
[INFO ] 2024-09-25 17:53:17,735 [repository-manager-2 | c.o.t.s.i.PluginManager] Registering plugin direct
[INFO ] 2024-09-25 17:53:17,735 [repository-manager-2 | c.o.t.s.i.PluginManager] Registering plugin notifications
[INFO ] 2024-09-25 17:53:17,735 [repository-manager-2 | c.o.t.s.i.PluginManager] Registering plugin expose-entity
[INFO ] 2024-09-25 17:53:17,735 [repository-manager-2 | c.o.t.s.i.PluginManager] Registering plugin literals-index
[INFO ] 2024-09-25 17:53:17,735 [repository-manager-2 | c.o.t.s.i.PluginManager] Registering plugin script
[INFO ] 2024-09-25 17:53:17,735 [repository-manager-2 | c.o.t.s.i.PluginManager] Registering plugin utils
[INFO ] 2024-09-25 17:53:17,735 [repository-manager-2 | c.o.t.s.i.PluginManager] Registering plugin plugincontrol
[INFO ] 2024-09-25 17:53:17,735 [repository-manager-2 | c.o.t.s.i.PluginManager] Registering plugin magic-predicates
[INFO ] 2024-09-25 17:53:17,735 [repository-manager-2 | c.o.t.s.i.PluginManager] Registering plugin sparql-template
[INFO ] 2024-09-25 17:53:17,743 [repository-manager-2 | c.o.c.AbstractParameter] Configured parameter 'register-plugins' to default value '[]'
[INFO ] 2024-09-25 17:53:17,743 [repository-manager-2 | c.o.GraphDBConfigParameters] Reading external plugins from C:\Users\valep\Documents\GitHub\prova\app\graphDB\graphdb-10.3.2\lib\plugins
[INFO ] 2024-09-25 17:53:17,743 [repository-manager-2 | c.o.c.AbstractParameter] Configured parameter 'register-external-plugins' to default value '[C:\Users\valep\Documents\GitHub\prova\app\graphDB\graphdb-10.3.2\lib\plugins]'
[INFO ] 2024-09-25 17:53:17,743 [repository-manager-2 | c.o.t.OwlimSchemaRepository] Registering external plugins...
[INFO ] 2024-09-25 17:53:17,749 [repository-manager-2 | c.o.t.OwlimSchemaRepository] Scanning C:\Users\valep\Documents\GitHub\prova\app\graphDB\graphdb-10.3.2\lib\plugins\autocomplete-plugin for plugins
[INFO ] 2024-09-25 17:53:17,751 [repository-manager-2 | c.o.t.s.i.PluginManager] Registering plugin autocomplete
[INFO ] 2024-09-25 17:53:17,751 [repository-manager-2 | c.o.t.OwlimSchemaRepository] Scanning C:\Users\valep\Documents\GitHub\prova\app\graphDB\graphdb-10.3.2\lib\plugins\change-tracking-plugin for plugins
[INFO ] 2024-09-25 17:53:17,760 [repository-manager-2 | c.o.t.s.i.PluginManager] Registering plugin change-tracking
[INFO ] 2024-09-25 17:53:17,760 [repository-manager-2 | c.o.t.OwlimSchemaRepository] Scanning C:\Users\valep\Documents\GitHub\prova\app\graphDB\graphdb-10.3.2\lib\plugins\dependencies-plugin for plugins
[INFO ] 2024-09-25 17:53:17,768 [repository-manager-2 | c.o.t.s.i.PluginManager] Registering plugin dependencies-plugin
[INFO ] 2024-09-25 17:53:17,768 [repository-manager-2 | c.o.t.OwlimSchemaRepository] Scanning C:\Users\valep\Documents\GitHub\prova\app\graphDB\graphdb-10.3.2\lib\plugins\elasticsearch-connector for plugins
[INFO ] 2024-09-25 17:53:17,834 [repository-manager-2 | c.o.t.s.i.PluginManager] Registering plugin elasticsearch-connector
[INFO ] 2024-09-25 17:53:17,834 [repository-manager-2 | c.o.t.OwlimSchemaRepository] Scanning C:\Users\valep\Documents\GitHub\prova\app\graphDB\graphdb-10.3.2\lib\plugins\entity-change-connector for plugins
[INFO ] 2024-09-25 17:53:17,877 [repository-manager-2 | c.o.t.s.i.PluginManager] Registering plugin entity-change
[INFO ] 2024-09-25 17:53:17,877 [repository-manager-2 | c.o.t.OwlimSchemaRepository] Scanning C:\Users\valep\Documents\GitHub\prova\app\graphDB\graphdb-10.3.2\lib\plugins\geosparql-plugin for plugins
[INFO ] 2024-09-25 17:53:17,941 [repository-manager-2 | c.o.t.s.i.PluginManager] Registering plugin GeoSPARQL
[INFO ] 2024-09-25 17:53:17,941 [repository-manager-2 | c.o.t.OwlimSchemaRepository] Scanning C:\Users\valep\Documents\GitHub\prova\app\graphDB\graphdb-10.3.2\lib\plugins\geospatial-plugin for plugins
[INFO ] 2024-09-25 17:53:17,965 [repository-manager-2 | c.o.t.p.g.FunctionLoader] Registered 1 functions from package com.ontotext.trree.plugin.geo.
[INFO ] 2024-09-25 17:53:17,965 [repository-manager-2 | c.o.t.s.i.PluginManager] Registering plugin geospatial
[INFO ] 2024-09-25 17:53:17,965 [repository-manager-2 | c.o.t.OwlimSchemaRepository] Scanning C:\Users\valep\Documents\GitHub\prova\app\graphDB\graphdb-10.3.2\lib\plugins\history-plugin for plugins
[INFO ] 2024-09-25 17:53:17,974 [repository-manager-2 | c.o.t.s.i.PluginManager] Registering plugin history
[INFO ] 2024-09-25 17:53:17,974 [repository-manager-2 | c.o.t.OwlimSchemaRepository] Scanning C:\Users\valep\Documents\GitHub\prova\app\graphDB\graphdb-10.3.2\lib\plugins\kafka-connector for plugins
[INFO ] 2024-09-25 17:53:18,015 [repository-manager-2 | c.o.t.s.i.PluginManager] Registering plugin kafka-connector
[INFO ] 2024-09-25 17:53:18,015 [repository-manager-2 | c.o.t.OwlimSchemaRepository] Scanning C:\Users\valep\Documents\GitHub\prova\app\graphDB\graphdb-10.3.2\lib\plugins\lucene-connector for plugins
[INFO ] 2024-09-25 17:53:18,064 [repository-manager-2 | c.o.t.s.i.PluginManager] Registering plugin lucene-connector
[INFO ] 2024-09-25 17:53:18,072 [repository-manager-2 | c.o.t.OwlimSchemaRepository] Scanning C:\Users\valep\Documents\GitHub\prova\app\graphDB\graphdb-10.3.2\lib\plugins\mongodb-plugin for plugins
[INFO ] 2024-09-25 17:53:18,081 [repository-manager-2 | c.o.t.s.i.PluginManager] Registering plugin mongodb
[INFO ] 2024-09-25 17:53:18,081 [repository-manager-2 | c.o.t.OwlimSchemaRepository] Scanning C:\Users\valep\Documents\GitHub\prova\app\graphDB\graphdb-10.3.2\lib\plugins\notifications-logger-plugin for plugins
[INFO ] 2024-09-25 17:53:18,081 [repository-manager-2 | c.o.t.s.i.PluginManager] Registering plugin notifications-logger
[INFO ] 2024-09-25 17:53:18,081 [repository-manager-2 | c.o.t.OwlimSchemaRepository] Scanning C:\Users\valep\Documents\GitHub\prova\app\graphDB\graphdb-10.3.2\lib\plugins\opensearch-connector for plugins
[INFO ] 2024-09-25 17:53:18,139 [repository-manager-2 | c.o.t.s.i.PluginManager] Registering plugin opensearch-connector
[INFO ] 2024-09-25 17:53:18,139 [repository-manager-2 | c.o.t.OwlimSchemaRepository] Scanning C:\Users\valep\Documents\GitHub\prova\app\graphDB\graphdb-10.3.2\lib\plugins\proof-plugin for plugins
[INFO ] 2024-09-25 17:53:18,139 [repository-manager-2 | c.o.t.s.i.PluginManager] Registering plugin proof
[INFO ] 2024-09-25 17:53:18,139 [repository-manager-2 | c.o.t.OwlimSchemaRepository] Scanning C:\Users\valep\Documents\GitHub\prova\app\graphDB\graphdb-10.3.2\lib\plugins\rdfrank-plugin for plugins
[INFO ] 2024-09-25 17:53:18,155 [repository-manager-2 | c.o.t.s.i.PluginManager] Registering plugin rdfrank
[INFO ] 2024-09-25 17:53:18,155 [repository-manager-2 | c.o.t.OwlimSchemaRepository] Scanning C:\Users\valep\Documents\GitHub\prova\app\graphDB\graphdb-10.3.2\lib\plugins\sequences-plugin for plugins
[INFO ] 2024-09-25 17:53:18,163 [repository-manager-2 | c.o.t.s.i.PluginManager] Registering plugin sequences
[INFO ] 2024-09-25 17:53:18,163 [repository-manager-2 | c.o.t.OwlimSchemaRepository] Scanning C:\Users\valep\Documents\GitHub\prova\app\graphDB\graphdb-10.3.2\lib\plugins\similarity-plugin for plugins
[INFO ] 2024-09-25 17:53:18,185 [repository-manager-2 | c.o.t.s.i.PluginManager] Registering plugin similarity
[INFO ] 2024-09-25 17:53:18,185 [repository-manager-2 | c.o.t.OwlimSchemaRepository] Scanning C:\Users\valep\Documents\GitHub\prova\app\graphDB\graphdb-10.3.2\lib\plugins\solr-connector for plugins
[INFO ] 2024-09-25 17:53:18,246 [repository-manager-2 | c.o.t.s.i.PluginManager] Registering plugin solr-connector
[INFO ] 2024-09-25 17:53:18,246 [repository-manager-2 | c.o.t.OwlimSchemaRepository] Scanning C:\Users\valep\Documents\GitHub\prova\app\graphDB\graphdb-10.3.2\lib\plugins\sparql-mm for plugins
[INFO ] 2024-09-25 17:53:18,249 [repository-manager-2 | c.o.t.s.i.PluginManager] Registering plugin sparql-mm
[INFO ] 2024-09-25 17:53:18,249 [repository-manager-2 | c.o.t.OwlimSchemaRepository] Scanning C:\Users\valep\Documents\GitHub\prova\app\graphDB\graphdb-10.3.2\lib\plugins\text-mining-plugin for plugins
[INFO ] 2024-09-25 17:53:18,254 [repository-manager-2 | c.o.t.s.i.PluginManager] Registering plugin text-mining
[INFO ] 2024-09-25 17:53:18,254 [repository-manager-2 | c.o.t.OwlimSchemaRepository] Scanning C:\Users\valep\Documents\GitHub\prova\app\graphDB\graphdb-10.3.2\lib\plugins\tx-rollback-plugin for plugins
[INFO ] 2024-09-25 17:53:18,263 [repository-manager-2 | c.o.t.s.i.PluginManager] Registering plugin tx-rollback
[INFO ] 2024-09-25 17:53:18,263 [repository-manager-2 | c.o.t.s.i.PluginManager] Initializing plugins... (DEFAULT)
[INFO ] 2024-09-25 17:53:18,263 [repository-manager-2 | c.o.c.AbstractParameter] Configured parameter 'nonInterpretablePredicates' to default value 'null'
[INFO ] 2024-09-25 17:53:18,263 [repository-manager-2 | c.o.t.s.i.PluginManager] Initializing plugin 'GeoSPARQL'
[INFO ] 2024-09-25 17:53:19,652 [repository-manager-2 | c.o.t.g.FunctionLoader] Registered 50 functions from package com.useekm.geosparql.
[INFO ] 2024-09-25 17:53:19,652 [repository-manager-2 | c.o.t.s.i.PluginManager] Initializing plugin 'autocomplete'
[INFO ] 2024-09-25 17:53:19,652 [repository-manager-2 | c.o.t.p.a.AutocompletePluginUtils] >>>>>>>> AutocompletePlugin: No configuration file found at C:\Users\valep\Documents\GitHub\prova\app\graphDB\graphdb-10.3.2\data\repositories\reasoner\storage\autocomplete\v2\config.properties. Assuming default options for plugin.
[INFO ] 2024-09-25 17:53:19,652 [repository-manager-2 | c.o.t.s.i.PluginManager] Initializing plugin 'change-tracking'
[INFO ] 2024-09-25 17:53:19,660 [repository-manager-2 | c.o.t.s.i.PluginManager] Initializing plugin 'dependencies-plugin'
[INFO ] 2024-09-25 17:53:19,660 [repository-manager-2 | c.o.t.s.i.PluginManager] Initializing plugin 'direct'
[INFO ] 2024-09-25 17:53:19,660 [repository-manager-2 | c.o.t.s.i.PluginManager] Initializing plugin 'elasticsearch-connector'
[INFO ] 2024-09-25 17:53:19,676 [repository-manager-2 | c.o.t.s.i.PluginManager] Initializing plugin 'entity-change'
[INFO ] 2024-09-25 17:53:19,692 [repository-manager-2 | c.o.t.s.i.PluginManager] Initializing plugin 'expose-entity'
[INFO ] 2024-09-25 17:53:19,692 [repository-manager-2 | c.o.t.s.i.PluginManager] Initializing plugin 'geospatial'
[INFO ] 2024-09-25 17:53:19,692 [repository-manager-2 | c.o.t.p.g.GeoSpatialPlugin] Plugin:geospatial initialized
[INFO ] 2024-09-25 17:53:19,692 [repository-manager-2 | c.o.t.s.i.PluginManager] Initializing plugin 'history'
[INFO ] 2024-09-25 17:53:19,709 [repository-manager-2 | c.o.t.s.i.PluginManager] Initializing plugin 'kafka-connector'
[INFO ] 2024-09-25 17:53:19,729 [repository-manager-2 | c.o.t.s.i.PluginManager] Initializing plugin 'literals-index'
[INFO ] 2024-09-25 17:53:19,729 [repository-manager-2 | c.o.p.literals-index] Full-text search functionality is disabled
[WARN ] 2024-09-25 17:53:19,740 [repository-manager-2 | c.o.p.literals-index] Rebuilding literals indexes. Starting from id: 1
[WARN ] 2024-09-25 17:53:19,765 [repository-manager-2 | c.o.p.literals-index] Complete in 0.019, num entries indexed:0
[INFO ] 2024-09-25 17:53:19,765 [repository-manager-2 | c.o.t.s.i.PluginManager] Initializing plugin 'lucene-connector'
[INFO ] 2024-09-25 17:53:19,778 [repository-manager-2 | c.o.t.s.i.PluginManager] Initializing plugin 'magic-predicates'
[INFO ] 2024-09-25 17:53:19,779 [repository-manager-2 | c.o.t.s.i.PluginManager] Initializing plugin 'mongodb'
[INFO ] 2024-09-25 17:53:19,779 [repository-manager-2 | c.o.t.s.i.PluginManager] Initializing plugin 'notifications'
[INFO ] 2024-09-25 17:53:19,781 [repository-manager-2 | c.o.t.s.i.PluginManager] Initializing plugin 'notifications-logger'
[INFO ] 2024-09-25 17:53:19,781 [repository-manager-2 | c.o.t.s.i.PluginManager] Initializing plugin 'opensearch-connector'
[INFO ] 2024-09-25 17:53:19,794 [repository-manager-2 | c.o.t.s.i.PluginManager] Initializing plugin 'plugincontrol'
[INFO ] 2024-09-25 17:53:19,794 [repository-manager-2 | c.o.t.p.p.PluginControlPlugin] Plugin:plugincontrol initialized
[INFO ] 2024-09-25 17:53:19,794 [repository-manager-2 | c.o.t.s.i.PluginManager] Initializing plugin 'proof'
[INFO ] 2024-09-25 17:53:19,794 [repository-manager-2 | c.o.t.s.i.PluginManager] Initializing plugin 'rdfrank'
[INFO ] 2024-09-25 17:53:19,810 [repository-manager-2 | c.o.t.s.i.PluginManager] Initializing plugin 'script'
[INFO ] 2024-09-25 17:53:19,810 [repository-manager-2 | c.o.t.s.i.PluginManager] Initializing plugin 'sequences'
[INFO ] 2024-09-25 17:53:19,810 [repository-manager-2 | c.o.t.s.i.PluginManager] Initializing plugin 'similarity'
[INFO ] 2024-09-25 17:53:20,381 [repository-manager-2 | c.o.t.s.i.PluginManager] Initializing plugin 'solr-connector'
[INFO ] 2024-09-25 17:53:20,391 [repository-manager-2 | c.o.t.s.i.PluginManager] Initializing plugin 'sparql-mm'
[INFO ] 2024-09-25 17:53:20,421 [repository-manager-2 | c.o.g.s.FunctionLoader] Registered 58 functions from package com.github.tkurz.sparqlmm.function.
[INFO ] 2024-09-25 17:53:20,421 [repository-manager-2 | c.o.t.s.i.PluginManager] Initializing plugin 'sparql-template'
[INFO ] 2024-09-25 17:53:20,421 [repository-manager-2 | c.o.t.s.i.PluginManager] Initializing plugin 'text-mining'
[INFO ] 2024-09-25 17:53:20,421 [repository-manager-2 | c.o.t.s.i.PluginManager] Initializing plugin 'tx-rollback'
[INFO ] 2024-09-25 17:53:20,421 [repository-manager-2 | c.o.t.s.i.PluginManager] Initializing plugin 'utils'
[INFO ] 2024-09-25 17:53:20,438 [repository-manager-2 | c.o.t.s.i.PluginManager] Finished initializing plugins
[INFO ] 2024-09-25 17:53:20,438 [repository-manager-2 | c.o.t.MemoryConfig] Configured global page cache size to 1004.0M
[INFO ] 2024-09-25 17:53:20,438 [repository-manager-2 | c.o.t.MemoryConfig] Configured global page cache size to 1004.0M
[INFO ] 2024-09-25 17:53:20,523 [repository-manager-2 | c.o.c.AbstractParameter] Configured parameter 'graphdb.persistent.parallel.inferencers' to default value 'false'
[INFO ] 2024-09-25 17:53:20,527 [repository-manager-2 | c.o.r.p.ParallelLoader] Using 1 threads for inference
[INFO ] 2024-09-25 17:53:20,632 [repositories/reasoner | o.e.r.h.s.r.n.NamespacesController] GET namespace list
[INFO ] 2024-09-25 17:53:20,640 [repositories/reasoner | o.e.r.h.s.r.TupleQueryResultView] Request for query 3392903 is finished
[INFO ] 2024-09-25 17:54:13,527 [import-task-reasoner-1 | c.o.t.i.FileSystemHealth] Active locations health:
[INFO ] 2024-09-25 17:54:13,552 [import-task-reasoner-1 | c.o.t.i.FileSystemHealth] C:\Users\valep\Documents\GitHub\prova\app\graphDB\graphdb-10.3.2\logs: 22.0% (OK)
[INFO ] 2024-09-25 17:54:13,576 [import-task-reasoner-1 | c.o.t.i.FileSystemHealth] C:\Users\valep\Documents\GitHub\prova\app\graphDB\graphdb-10.3.2\work: 22.0% (OK)
[INFO ] 2024-09-25 17:54:13,601 [import-task-reasoner-1 | c.o.t.i.FileSystemHealth] C:\Users\valep\Documents\GitHub\prova\app\graphDB\graphdb-10.3.2\data\repositories\forgont_endpoint: 22.0% (OK)
[INFO ] 2024-09-25 17:54:13,618 [import-task-reasoner-1 | c.o.t.i.FileSystemHealth] C:\Users\valep\Documents\GitHub\prova\app\graphDB\graphdb-10.3.2\data\repositories\prova: 22.0% (OK)
[INFO ] 2024-09-25 17:54:13,642 [import-task-reasoner-1 | c.o.t.i.FileSystemHealth] C:\Users\valep\Documents\GitHub\prova\app\graphDB\graphdb-10.3.2\data\repositories\reasoner: 22.0% (OK)
[ERROR] 2024-09-25 17:54:17,244 [import-task-reasoner-1 | o.e.r.r.h.ParseErrorLogger] [Rio fatal] Default namespace used but not defined (1063, -1)
[ERROR] 2024-09-25 17:54:17,249 [import-task-reasoner-1 | c.o.f.i.FileImportRunnableTask] RDF Parse Error 
org.eclipse.rdf4j.rio.RDFParseException: Default namespace used but not defined [line 1063]
	at org.eclipse.rdf4j.rio.helpers.RDFParserHelper.reportFatalError(RDFParserHelper.java:347)
	at org.eclipse.rdf4j.rio.helpers.AbstractRDFParser.reportFatalError(AbstractRDFParser.java:682)
	at org.eclipse.rdf4j.rio.turtle.TurtleParser.reportFatalError(TurtleParser.java:1308)
	at org.eclipse.rdf4j.rio.helpers.AbstractRDFParser.getNamespace(AbstractRDFParser.java:280)
	at org.eclipse.rdf4j.rio.trig.TriGParser.parseQNameOrBoolean(TriGParser.java:732)
	at org.eclipse.rdf4j.rio.turtle.TurtleParser.parseValue(TurtleParser.java:573)
	at org.eclipse.rdf4j.rio.turtle.TurtleParser.parseObject(TurtleParser.java:452)
	at org.eclipse.rdf4j.rio.turtle.TurtleParser.parseObjectList(TurtleParser.java:374)
	at org.eclipse.rdf4j.rio.turtle.TurtleParser.parsePredicateObjectList(TurtleParser.java:347)
	at org.eclipse.rdf4j.rio.trig.TriGParser.parseTriples(TriGParser.java:480)
	at org.eclipse.rdf4j.rio.trig.TriGParser.parseSett(TriGParser.java:415)
	at org.eclipse.rdf4j.rio.trig.TriGParser.parseStatement(TriGParser.java:171)
	at org.eclipse.rdf4j.rio.turtle.TurtleParser.parse(TurtleParser.java:164)
	at org.eclipse.rdf4j.rio.turtle.TurtleParser.parse(TurtleParser.java:127)
	at org.eclipse.rdf4j.repository.util.RDFLoader.loadInputStreamOrReader(RDFLoader.java:302)
	at org.eclipse.rdf4j.repository.util.RDFLoader.load(RDFLoader.java:229)
	at org.eclipse.rdf4j.repository.base.AbstractRepositoryConnection.add(AbstractRepositoryConnection.java:285)
	at com.ontotext.trree.monitorRepository.MonitorRepositoryConnection.add(MonitorRepositoryConnection.java:219)
	at com.ontotext.trree.parallel.InterruptableConnectionWrapper.add(InterruptableConnectionWrapper.java:121)
	at com.ontotext.trree.parallel.InterruptableConnectionWrapper.add(InterruptableConnectionWrapper.java:50)
	at com.ontotext.forest.impex.ParallelAwareImporter.lambda$add$5(ParallelAwareImporter.java:122)
	at com.ontotext.forest.impex.ParallelAwareImporter.wrapInBeginCommit(ParallelAwareImporter.java:143)
	at com.ontotext.forest.impex.ParallelAwareImporter.add(ParallelAwareImporter.java:104)
	at com.ontotext.forest.impex.FileImportRunnableTask.load(FileImportRunnableTask.java:43)
	at com.ontotext.forest.impex.ImportRunnableTask.run(ImportRunnableTask.java:89)
	at java.base/java.util.concurrent.Executors$RunnableAdapter.call(Executors.java:515)
	at java.base/java.util.concurrent.FutureTask.run(FutureTask.java:264)
	at java.base/java.util.concurrent.ThreadPoolExecutor.runWorker(ThreadPoolExecutor.java:1128)
	at java.base/java.util.concurrent.ThreadPoolExecutor$Worker.run(ThreadPoolExecutor.java:628)
	at java.base/java.lang.Thread.run(Thread.java:829)
[WARN ] 2024-09-25 17:55:40,286 [import-task-reasoner-1 | c.o.p.literals-index] Literal not a date: "900-901"^^<http://www.w3.org/2001/XMLSchema#gYear>
java.lang.IllegalArgumentException: 900-901
	at java.xml/com.sun.org.apache.xerces.internal.jaxp.datatype.XMLGregorianCalendarImpl$Parser.parseYear(XMLGregorianCalendarImpl.java:2911)
	at java.xml/com.sun.org.apache.xerces.internal.jaxp.datatype.XMLGregorianCalendarImpl$Parser.parse(XMLGregorianCalendarImpl.java:2802)
	at java.xml/com.sun.org.apache.xerces.internal.jaxp.datatype.XMLGregorianCalendarImpl.<init>(XMLGregorianCalendarImpl.java:453)
	at java.xml/com.sun.org.apache.xerces.internal.jaxp.datatype.DatatypeFactoryImpl.newXMLGregorianCalendar(DatatypeFactoryImpl.java:536)
	at org.eclipse.rdf4j.model.datatypes.XMLDatatypeUtil.parseCalendar(XMLDatatypeUtil.java:2078)
	at org.eclipse.rdf4j.model.impl.SimpleLiteral.calendarValue(SimpleLiteral.java:359)
	at com.ontotext.trree.entitypool.impl.CustomLiteralImpl.calendarValue(CustomLiteralImpl.java:76)
	at com.ontotext.trree.plugin.literalsindex.LiteralsIndexPlugin.getDataForLiteral(LiteralsIndexPlugin.java:134)
	at com.ontotext.trree.plugin.literalsindex.LiteralsIndexPlugin.entityAdded(LiteralsIndexPlugin.java:723)
	at com.ontotext.trree.entitypool.impl.TransactionalEntityPool$TransactionalEntityPoolConnection.lambda$addPluginListener$0(TransactionalEntityPool.java:857)
	at com.ontotext.trree.entitypool.impl.TransactionalEntityPool$TransactionalEntityPoolConnection.notifyListeners(TransactionalEntityPool.java:473)
	at com.ontotext.trree.entitypool.impl.TransactionalEntityPool$TransactionalEntityPoolConnection.precommit(TransactionalEntityPool.java:975)
	at com.ontotext.trree.SailConnectionImpl.doActualCommit(SailConnectionImpl.java:910)
	at com.ontotext.trree.SailConnectionImpl.flushInternal(SailConnectionImpl.java:1101)
	at com.ontotext.trree.SailConnectionImpl.flush(SailConnectionImpl.java:2983)
	at org.eclipse.rdf4j.repository.sail.SailRepositoryConnection.commit(SailRepositoryConnection.java:224)
	at com.ontotext.trree.monitorRepository.MonitorRepositoryConnection.commit(MonitorRepositoryConnection.java:299)
	at org.eclipse.rdf4j.repository.base.RepositoryConnectionWrapper.commit(RepositoryConnectionWrapper.java:242)
	at com.ontotext.forest.impex.ParallelAwareImporter.wrapInBeginCommit(ParallelAwareImporter.java:148)
	at com.ontotext.forest.impex.ParallelAwareImporter.add(ParallelAwareImporter.java:104)
	at com.ontotext.forest.impex.FileImportRunnableTask.load(FileImportRunnableTask.java:43)
	at com.ontotext.forest.impex.ImportRunnableTask.run(ImportRunnableTask.java:89)
	at java.base/java.util.concurrent.Executors$RunnableAdapter.call(Executors.java:515)
	at java.base/java.util.concurrent.FutureTask.run(FutureTask.java:264)
	at java.base/java.util.concurrent.ThreadPoolExecutor.runWorker(ThreadPoolExecutor.java:1128)
	at java.base/java.util.concurrent.ThreadPoolExecutor$Worker.run(ThreadPoolExecutor.java:628)
	at java.base/java.lang.Thread.run(Thread.java:829)
[WARN ] 2024-09-25 17:55:40,294 [import-task-reasoner-1 | c.o.p.literals-index] Literal not a date: ""^^<http://www.w3.org/2001/XMLSchema#gYear>
java.lang.IllegalArgumentException: 
	at java.xml/com.sun.org.apache.xerces.internal.jaxp.datatype.XMLGregorianCalendarImpl$Parser.parseYear(XMLGregorianCalendarImpl.java:2911)
	at java.xml/com.sun.org.apache.xerces.internal.jaxp.datatype.XMLGregorianCalendarImpl$Parser.parse(XMLGregorianCalendarImpl.java:2802)
	at java.xml/com.sun.org.apache.xerces.internal.jaxp.datatype.XMLGregorianCalendarImpl.<init>(XMLGregorianCalendarImpl.java:453)
	at java.xml/com.sun.org.apache.xerces.internal.jaxp.datatype.DatatypeFactoryImpl.newXMLGregorianCalendar(DatatypeFactoryImpl.java:536)
	at org.eclipse.rdf4j.model.datatypes.XMLDatatypeUtil.parseCalendar(XMLDatatypeUtil.java:2078)
	at org.eclipse.rdf4j.model.impl.SimpleLiteral.calendarValue(SimpleLiteral.java:359)
	at com.ontotext.trree.entitypool.impl.CustomLiteralImpl.calendarValue(CustomLiteralImpl.java:76)
	at com.ontotext.trree.plugin.literalsindex.LiteralsIndexPlugin.getDataForLiteral(LiteralsIndexPlugin.java:134)
	at com.ontotext.trree.plugin.literalsindex.LiteralsIndexPlugin.entityAdded(LiteralsIndexPlugin.java:723)
	at com.ontotext.trree.entitypool.impl.TransactionalEntityPool$TransactionalEntityPoolConnection.lambda$addPluginListener$0(TransactionalEntityPool.java:857)
	at com.ontotext.trree.entitypool.impl.TransactionalEntityPool$TransactionalEntityPoolConnection.notifyListeners(TransactionalEntityPool.java:473)
	at com.ontotext.trree.entitypool.impl.TransactionalEntityPool$TransactionalEntityPoolConnection.precommit(TransactionalEntityPool.java:975)
	at com.ontotext.trree.SailConnectionImpl.doActualCommit(SailConnectionImpl.java:910)
	at com.ontotext.trree.SailConnectionImpl.flushInternal(SailConnectionImpl.java:1101)
	at com.ontotext.trree.SailConnectionImpl.flush(SailConnectionImpl.java:2983)
	at org.eclipse.rdf4j.repository.sail.SailRepositoryConnection.commit(SailRepositoryConnection.java:224)
	at com.ontotext.trree.monitorRepository.MonitorRepositoryConnection.commit(MonitorRepositoryConnection.java:299)
	at org.eclipse.rdf4j.repository.base.RepositoryConnectionWrapper.commit(RepositoryConnectionWrapper.java:242)
	at com.ontotext.forest.impex.ParallelAwareImporter.wrapInBeginCommit(ParallelAwareImporter.java:148)
	at com.ontotext.forest.impex.ParallelAwareImporter.add(ParallelAwareImporter.java:104)
	at com.ontotext.forest.impex.FileImportRunnableTask.load(FileImportRunnableTask.java:43)
	at com.ontotext.forest.impex.ImportRunnableTask.run(ImportRunnableTask.java:89)
	at java.base/java.util.concurrent.Executors$RunnableAdapter.call(Executors.java:515)
	at java.base/java.util.concurrent.FutureTask.run(FutureTask.java:264)
	at java.base/java.util.concurrent.ThreadPoolExecutor.runWorker(ThreadPoolExecutor.java:1128)
	at java.base/java.util.concurrent.ThreadPoolExecutor$Worker.run(ThreadPoolExecutor.java:628)
	at java.base/java.lang.Thread.run(Thread.java:829)
[INFO ] 2024-09-25 17:55:44,457 [repositories/reasoner | o.e.r.h.s.r.n.NamespacesController] GET namespace list
[INFO ] 2024-09-25 17:55:44,460 [repositories/reasoner | o.e.r.h.s.r.TupleQueryResultView] Request for query 3392903 is finished
[INFO ] 2024-09-25 17:55:49,498 [repositories/reasoner | o.e.r.h.s.r.n.NamespacesController] GET namespace list
[INFO ] 2024-09-25 17:55:49,501 [repositories/reasoner | o.e.r.h.s.r.TupleQueryResultView] Request for query 3392903 is finished
[INFO ] 2024-09-25 17:55:49,548 [http-nio-7200-exec-1 | c.o.c.AbstractParameter] Configured parameter 'deduplicate.construct' to default value 'true'
[INFO ] 2024-09-25 17:55:49,548 [http-nio-7200-exec-1 | c.o.c.AbstractParameter] Configured parameter 'reuse.vars.in.subselects' to default value 'true'
[INFO ] 2024-09-25 17:56:07,794 [repositories/reasoner | o.e.r.h.s.r.TupleQueryResultView] Request for query 3392903 is finished
[INFO ] 2024-09-25 17:56:10,731 [repositories/reasoner | o.e.r.h.s.r.TupleQueryResultView] Request for query 3392903 is finished
[INFO ] 2024-09-25 17:56:10,928 [http-nio-7200-exec-1 | c.o.c.AbstractParameter] Configured parameter 'default.min.distinct.threshold' to default value '250.0M'
[INFO ] 2024-09-25 17:56:12,242 [repositories/reasoner | o.e.r.h.s.r.TupleQueryResultView] Request for query 3392903 is finished
[INFO ] 2024-09-25 17:56:12,290 [http-nio-7200-exec-3 | c.o.t.p.d.DependenciesPlugin] Start building dependency graph for all graphs
[INFO ] 2024-09-25 17:56:12,504 [http-nio-7200-exec-3 | c.o.t.p.d.DependenciesPlugin] Finished building dependency graph for all graphs: 0
[INFO ] 2024-09-25 17:57:17,982 [repositories/reasoner | o.e.r.h.s.r.n.NamespacesController] GET namespace list
[INFO ] 2024-09-25 17:57:17,990 [repositories/reasoner | o.e.r.h.s.r.TupleQueryResultView] Request for query 3392903 is finished
[INFO ] 2024-09-25 17:57:32,774 [repositories/reasoner | c.o.g.s.h.GraphDBQueryResultHandler] POST query -2082690123
[INFO ] 2024-09-25 17:57:32,799 [repositories/reasoner | c.o.g.s.TupleQueryResultView] Request for query -2082690123 is finished
[INFO ] 2024-09-25 17:58:22,067 [repositories/reasoner | c.o.g.s.h.GraphDBQueryResultHandler] POST query -1870216917
[INFO ] 2024-09-25 17:58:22,067 [repositories/reasoner | c.o.g.s.TupleQueryResultView] Request for query -1870216917 is finished
[INFO ] 2024-09-25 17:58:36,746 [repositories/reasoner | o.e.r.h.s.r.TupleQueryResultView] Request for query 3392903 is finished
[INFO ] 2024-09-25 17:58:43,508 [repositories/reasoner | o.e.r.h.s.r.n.NamespacesController] GET namespace list
[INFO ] 2024-09-25 17:58:43,509 [repositories/reasoner | o.e.r.h.s.r.TupleQueryResultView] Request for query 3392903 is finished
[INFO ] 2024-09-25 17:59:09,844 [repositories/reasoner | o.e.r.h.s.r.n.NamespacesController] GET namespace list
[INFO ] 2024-09-25 17:59:09,846 [repositories/reasoner | o.e.r.h.s.r.TupleQueryResultView] Request for query 3392903 is finished
[INFO ] 2024-09-25 17:59:11,622 [repositories/reasoner | c.o.g.s.h.GraphDBQueryResultHandler] POST query -280880183
[INFO ] 2024-09-25 17:59:11,686 [repositories/reasoner | c.o.g.s.TupleQueryResultView] Request for query -280880183 is finished
[INFO ] 2024-09-25 17:59:11,694 [repositories/reasoner | c.o.g.s.h.GraphDBQueryResultHandler] POST query -280880183
[INFO ] 2024-09-25 17:59:11,806 [repositories/reasoner | c.o.g.s.TupleQueryResultView] Request for query -280880183 is finished
[INFO ] 2024-09-25 17:59:35,739 [repositories/reasoner | c.o.g.s.h.GraphDBQueryResultHandler] POST query 1712854234
[INFO ] 2024-09-25 17:59:35,744 [repositories/reasoner | c.o.g.s.TupleQueryResultView] Request for query 1712854234 is finished
[INFO ] 2024-09-25 18:00:01,004 [repositories/reasoner | o.e.r.h.s.r.n.NamespacesController] GET namespace list
[INFO ] 2024-09-25 18:00:01,007 [repositories/reasoner | o.e.r.h.s.r.TupleQueryResultView] Request for query 3392903 is finished
[INFO ] 2024-09-25 18:01:03,163 [repositories/reasoner | o.e.r.h.s.r.TupleQueryResultView] Request for query 3392903 is finished
[INFO ] 2024-09-25 18:01:05,127 [repositories/reasoner | o.e.r.h.s.r.n.NamespacesController] GET namespace list
[INFO ] 2024-09-25 18:01:05,135 [repositories/reasoner | o.e.r.h.s.r.TupleQueryResultView] Request for query 3392903 is finished
[INFO ] 2024-09-25 18:01:08,470 [repositories/reasoner | c.o.g.s.h.GraphDBQueryResultHandler] POST query 1862312774
[INFO ] 2024-09-25 18:01:08,485 [repositories/reasoner | c.o.g.s.TupleQueryResultView] Request for query 1862312774 is finished
